<?xml version="1.0" encoding="UTF-8"?>
<robot generator="Robot 3.1.1 (Python 3.7.2 on darwin)" generated="20190415 11:42:58.832" rpa="false">
<suite id="s1" name="Collection" source="/Users/reenupanwar/PycharmProjects/RobotFrameJenkins/TestProject/Collection.robot">
<test id="s1-t1" name="Read data from CSV">
<kw name="Get File" library="OperatingSystem">
<doc>Returns the contents of a specified file.</doc>
<arguments>
<arg>/Users/reenupanwar/Downloads/Untitled spreadsheet - Sheet1.csv</arg>
</arguments>
<assign>
<var>${FILE_CONTENT}</var>
</assign>
<msg timestamp="20190415 11:42:59.030" level="INFO" html="yes">Getting file '&lt;a href="file:///Users/reenupanwar/Downloads/Untitled spreadsheet - Sheet1.csv"&gt;/Users/reenupanwar/Downloads/Untitled spreadsheet - Sheet1.csv&lt;/a&gt;'.</msg>
<msg timestamp="20190415 11:42:59.030" level="INFO">${FILE_CONTENT} = ID,Name,text
10,Sri,3
20,Hari,4
30,Naidu,5</msg>
<status status="PASS" starttime="20190415 11:42:59.030" endtime="20190415 11:42:59.030"></status>
</kw>
<kw name="Log To Console" library="BuiltIn">
<doc>Logs the given message to the console.</doc>
<arguments>
<arg>File Content: ${FILE_CONTENT}</arg>
</arguments>
<status status="PASS" starttime="20190415 11:42:59.030" endtime="20190415 11:42:59.031"></status>
</kw>
<kw name="Split to Lines and Remove Header">
<arguments>
<arg>${FILE_CONTENT}</arg>
</arguments>
<assign>
<var>@{Lines}</var>
</assign>
<kw name="Split To Lines" library="String">
<doc>Splits the given string to lines.</doc>
<arguments>
<arg>${FILE_CONTENT}</arg>
</arguments>
<assign>
<var>@{LINES}</var>
</assign>
<msg timestamp="20190415 11:42:59.031" level="INFO">4 lines returned</msg>
<msg timestamp="20190415 11:42:59.032" level="INFO">@{LINES} = [ ID,Name,text | 10,Sri,3 | 20,Hari,4 | 30,Naidu,5 ]</msg>
<status status="PASS" starttime="20190415 11:42:59.031" endtime="20190415 11:42:59.032"></status>
</kw>
<kw name="Remove From List" library="Collections">
<doc>Removes and returns the value specified with an ``index`` from ``list``.</doc>
<arguments>
<arg>${LINES}</arg>
<arg>0</arg>
</arguments>
<status status="PASS" starttime="20190415 11:42:59.032" endtime="20190415 11:42:59.032"></status>
</kw>
<msg timestamp="20190415 11:42:59.032" level="INFO">@{Lines} = [ 10,Sri,3 | 20,Hari,4 | 30,Naidu,5 ]</msg>
<status status="PASS" starttime="20190415 11:42:59.031" endtime="20190415 11:42:59.032"></status>
</kw>
<kw name="Log" library="BuiltIn">
<doc>Logs the given message with the given level.</doc>
<arguments>
<arg>${LINES}</arg>
</arguments>
<msg timestamp="20190415 11:42:59.033" level="INFO">['10,Sri,3', '20,Hari,4', '30,Naidu,5']</msg>
<status status="PASS" starttime="20190415 11:42:59.032" endtime="20190415 11:42:59.033"></status>
</kw>
<kw name="Calculate Sum From List">
<arguments>
<arg>${LINES}</arg>
</arguments>
<assign>
<var>${RESULT}</var>
</assign>
<kw name="Set Variable" library="BuiltIn">
<doc>Returns the given values which can then be assigned to a variables.</doc>
<arguments>
<arg>0</arg>
</arguments>
<assign>
<var>${RESULT}</var>
</assign>
<msg timestamp="20190415 11:42:59.033" level="INFO">${RESULT} = 0</msg>
<status status="PASS" starttime="20190415 11:42:59.033" endtime="20190415 11:42:59.033"></status>
</kw>
<kw name="${LINE} IN [ @{LIST} ]" type="for">
<kw name="${LINE} = 10,Sri,3" type="foritem">
<kw name="Log" library="BuiltIn">
<doc>Logs the given message with the given level.</doc>
<arguments>
<arg>${LINE}</arg>
</arguments>
<msg timestamp="20190415 11:42:59.034" level="INFO">10,Sri,3</msg>
<status status="PASS" starttime="20190415 11:42:59.034" endtime="20190415 11:42:59.034"></status>
</kw>
<kw name="Split String" library="String">
<doc>Splits the ``string`` using ``separator`` as a delimiter string.</doc>
<arguments>
<arg>${LINE}</arg>
<arg>separator=,</arg>
</arguments>
<assign>
<var>@{COLUMNS}</var>
</assign>
<msg timestamp="20190415 11:42:59.034" level="INFO">@{COLUMNS} = [ 10 | Sri | 3 ]</msg>
<status status="PASS" starttime="20190415 11:42:59.034" endtime="20190415 11:42:59.034"></status>
</kw>
<kw name="Get From List" library="Collections">
<doc>Returns the value specified with an ``index`` from ``list``.</doc>
<arguments>
<arg>${COLUMNS}</arg>
<arg>2</arg>
</arguments>
<assign>
<var>${VALUE}</var>
</assign>
<msg timestamp="20190415 11:42:59.035" level="INFO">${VALUE} = 3</msg>
<status status="PASS" starttime="20190415 11:42:59.034" endtime="20190415 11:42:59.035"></status>
</kw>
<kw name="Log" library="BuiltIn">
<doc>Logs the given message with the given level.</doc>
<arguments>
<arg>${VALUE}</arg>
</arguments>
<msg timestamp="20190415 11:42:59.035" level="INFO">3</msg>
<status status="PASS" starttime="20190415 11:42:59.035" endtime="20190415 11:42:59.035"></status>
</kw>
<kw name="Evaluate" library="BuiltIn">
<doc>Evaluates the given expression in Python and returns the results.</doc>
<arguments>
<arg>${RESULT}+${VALUE}</arg>
</arguments>
<assign>
<var>${RESULT}</var>
</assign>
<msg timestamp="20190415 11:42:59.035" level="INFO">${RESULT} = 3</msg>
<status status="PASS" starttime="20190415 11:42:59.035" endtime="20190415 11:42:59.035"></status>
</kw>
<status status="PASS" starttime="20190415 11:42:59.033" endtime="20190415 11:42:59.035"></status>
</kw>
<kw name="${LINE} = 20,Hari,4" type="foritem">
<kw name="Log" library="BuiltIn">
<doc>Logs the given message with the given level.</doc>
<arguments>
<arg>${LINE}</arg>
</arguments>
<msg timestamp="20190415 11:42:59.036" level="INFO">20,Hari,4</msg>
<status status="PASS" starttime="20190415 11:42:59.036" endtime="20190415 11:42:59.036"></status>
</kw>
<kw name="Split String" library="String">
<doc>Splits the ``string`` using ``separator`` as a delimiter string.</doc>
<arguments>
<arg>${LINE}</arg>
<arg>separator=,</arg>
</arguments>
<assign>
<var>@{COLUMNS}</var>
</assign>
<msg timestamp="20190415 11:42:59.036" level="INFO">@{COLUMNS} = [ 20 | Hari | 4 ]</msg>
<status status="PASS" starttime="20190415 11:42:59.036" endtime="20190415 11:42:59.036"></status>
</kw>
<kw name="Get From List" library="Collections">
<doc>Returns the value specified with an ``index`` from ``list``.</doc>
<arguments>
<arg>${COLUMNS}</arg>
<arg>2</arg>
</arguments>
<assign>
<var>${VALUE}</var>
</assign>
<msg timestamp="20190415 11:42:59.037" level="INFO">${VALUE} = 4</msg>
<status status="PASS" starttime="20190415 11:42:59.036" endtime="20190415 11:42:59.037"></status>
</kw>
<kw name="Log" library="BuiltIn">
<doc>Logs the given message with the given level.</doc>
<arguments>
<arg>${VALUE}</arg>
</arguments>
<msg timestamp="20190415 11:42:59.037" level="INFO">4</msg>
<status status="PASS" starttime="20190415 11:42:59.037" endtime="20190415 11:42:59.037"></status>
</kw>
<kw name="Evaluate" library="BuiltIn">
<doc>Evaluates the given expression in Python and returns the results.</doc>
<arguments>
<arg>${RESULT}+${VALUE}</arg>
</arguments>
<assign>
<var>${RESULT}</var>
</assign>
<msg timestamp="20190415 11:42:59.037" level="INFO">${RESULT} = 7</msg>
<status status="PASS" starttime="20190415 11:42:59.037" endtime="20190415 11:42:59.037"></status>
</kw>
<status status="PASS" starttime="20190415 11:42:59.036" endtime="20190415 11:42:59.038"></status>
</kw>
<kw name="${LINE} = 30,Naidu,5" type="foritem">
<kw name="Log" library="BuiltIn">
<doc>Logs the given message with the given level.</doc>
<arguments>
<arg>${LINE}</arg>
</arguments>
<msg timestamp="20190415 11:42:59.038" level="INFO">30,Naidu,5</msg>
<status status="PASS" starttime="20190415 11:42:59.038" endtime="20190415 11:42:59.038"></status>
</kw>
<kw name="Split String" library="String">
<doc>Splits the ``string`` using ``separator`` as a delimiter string.</doc>
<arguments>
<arg>${LINE}</arg>
<arg>separator=,</arg>
</arguments>
<assign>
<var>@{COLUMNS}</var>
</assign>
<msg timestamp="20190415 11:42:59.038" level="INFO">@{COLUMNS} = [ 30 | Naidu | 5 ]</msg>
<status status="PASS" starttime="20190415 11:42:59.038" endtime="20190415 11:42:59.038"></status>
</kw>
<kw name="Get From List" library="Collections">
<doc>Returns the value specified with an ``index`` from ``list``.</doc>
<arguments>
<arg>${COLUMNS}</arg>
<arg>2</arg>
</arguments>
<assign>
<var>${VALUE}</var>
</assign>
<msg timestamp="20190415 11:42:59.039" level="INFO">${VALUE} = 5</msg>
<status status="PASS" starttime="20190415 11:42:59.038" endtime="20190415 11:42:59.039"></status>
</kw>
<kw name="Log" library="BuiltIn">
<doc>Logs the given message with the given level.</doc>
<arguments>
<arg>${VALUE}</arg>
</arguments>
<msg timestamp="20190415 11:42:59.039" level="INFO">5</msg>
<status status="PASS" starttime="20190415 11:42:59.039" endtime="20190415 11:42:59.039"></status>
</kw>
<kw name="Evaluate" library="BuiltIn">
<doc>Evaluates the given expression in Python and returns the results.</doc>
<arguments>
<arg>${RESULT}+${VALUE}</arg>
</arguments>
<assign>
<var>${RESULT}</var>
</assign>
<msg timestamp="20190415 11:42:59.040" level="INFO">${RESULT} = 12</msg>
<status status="PASS" starttime="20190415 11:42:59.039" endtime="20190415 11:42:59.040"></status>
</kw>
<status status="PASS" starttime="20190415 11:42:59.038" endtime="20190415 11:42:59.040"></status>
</kw>
<status status="PASS" starttime="20190415 11:42:59.033" endtime="20190415 11:42:59.040"></status>
</kw>
<msg timestamp="20190415 11:42:59.040" level="INFO">${RESULT} = 12s</msg>
<status status="PASS" starttime="20190415 11:42:59.033" endtime="20190415 11:42:59.040"></status>
</kw>
<kw name="Log" library="BuiltIn">
<doc>Logs the given message with the given level.</doc>
<arguments>
<arg>${RESULT}</arg>
</arguments>
<msg timestamp="20190415 11:42:59.040" level="INFO">12s</msg>
<status status="PASS" starttime="20190415 11:42:59.040" endtime="20190415 11:42:59.040"></status>
</kw>
<tags>
<tag>file-reading</tag>
</tags>
<status status="PASS" starttime="20190415 11:42:59.029" endtime="20190415 11:42:59.040" critical="yes"></status>
</test>
<doc>Suite description</doc>
<status status="PASS" starttime="20190415 11:42:58.833" endtime="20190415 11:42:59.041"></status>
</suite>
<statistics>
<total>
<stat pass="1" fail="0">Critical Tests</stat>
<stat pass="1" fail="0">All Tests</stat>
</total>
<tag>
<stat pass="1" fail="0">file-reading</stat>
</tag>
<suite>
<stat pass="1" fail="0" id="s1" name="Collection">Collection</stat>
</suite>
</statistics>
<errors>
</errors>
</robot>
