<?xml version="1.0" encoding="UTF-8"?>
<robot generator="Robot 3.1.1 (Python 3.7.2 on darwin)" generated="20190406 22:37:16.165" rpa="false">
<suite id="s1" name="MainPage &amp; Dirconary &amp; AdminTab &amp; MySecond">
<suite id="s1-s1" name="MainPage" source="/Users/reenupanwar/PycharmProjects/RobotFrameJenkins/Tests/MainPage.robot">
<test id="s1-s1-t1" name="Invalid Username &amp; Password">
<kw name="Open Browser and navigate to URL" library="KeywordsPage">
<kw name="Open Browser" library="SeleniumLibrary">
<doc>Opens a new browser instance to the given ``url``.</doc>
<arguments>
<arg>${URL}</arg>
<arg>${Browser}</arg>
</arguments>
<msg timestamp="20190406 22:37:16.730" level="INFO">Opening browser 'Chrome' to base url 'https://opensource-demo.orangehrmlive.com'.</msg>
<status status="PASS" starttime="20190406 22:37:16.729" endtime="20190406 22:37:26.113"></status>
</kw>
<status status="PASS" starttime="20190406 22:37:16.729" endtime="20190406 22:37:26.119"></status>
</kw>
<kw name="Enter Invalid Username and Correct Password" library="KeywordsPage">
<kw name="Input Text" library="SeleniumLibrary">
<doc>Types the given ``text`` into text field identified by ``locator``.</doc>
<arguments>
<arg>${UserName}</arg>
<arg>Admin3</arg>
</arguments>
<msg timestamp="20190406 22:37:26.128" level="INFO">Typing text 'Admin3' into text field 'id=txtUsername'.</msg>
<status status="PASS" starttime="20190406 22:37:26.126" endtime="20190406 22:37:26.389"></status>
</kw>
<kw name="Input Text" library="SeleniumLibrary">
<doc>Types the given ``text`` into text field identified by ``locator``.</doc>
<arguments>
<arg>${Password}</arg>
<arg>admin123</arg>
</arguments>
<msg timestamp="20190406 22:37:26.390" level="INFO">Typing text 'admin123' into text field 'id=txtPassword'.</msg>
<status status="PASS" starttime="20190406 22:37:26.389" endtime="20190406 22:37:26.571"></status>
</kw>
<kw name="Click Button" library="SeleniumLibrary">
<doc>Clicks button identified by ``locator``.</doc>
<arguments>
<arg>${Submit}</arg>
</arguments>
<msg timestamp="20190406 22:37:26.573" level="INFO">Clicking button 'id=btnLogin'.</msg>
<status status="PASS" starttime="20190406 22:37:26.571" endtime="20190406 22:37:27.571"></status>
</kw>
<kw name="Get Text" library="SeleniumLibrary">
<doc>Returns the text value of element identified by ``locator``.</doc>
<arguments>
<arg>${ValidationText}</arg>
</arguments>
<assign>
<var>${oh}</var>
</assign>
<msg timestamp="20190406 22:37:27.673" level="INFO">${oh} = Invalid credentials</msg>
<status status="PASS" starttime="20190406 22:37:27.571" endtime="20190406 22:37:27.674"></status>
</kw>
<kw name="Log To Console" library="BuiltIn">
<doc>Logs the given message to the console.</doc>
<arguments>
<arg>${oh}</arg>
</arguments>
<status status="PASS" starttime="20190406 22:37:27.674" endtime="20190406 22:37:27.675"></status>
</kw>
<status status="PASS" starttime="20190406 22:37:26.124" endtime="20190406 22:37:27.676"></status>
</kw>
<kw name="Clear Fields" library="KeywordsPage">
<kw name="Clear Element Text" library="SeleniumLibrary">
<doc>Clears the value of text entry element identified by ``locator``.</doc>
<arguments>
<arg>${UserName}</arg>
</arguments>
<status status="PASS" starttime="20190406 22:37:27.677" endtime="20190406 22:37:27.722"></status>
</kw>
<kw name="Clear Element Text" library="SeleniumLibrary">
<doc>Clears the value of text entry element identified by ``locator``.</doc>
<arguments>
<arg>${Password}</arg>
</arguments>
<status status="PASS" starttime="20190406 22:37:27.723" endtime="20190406 22:37:27.774"></status>
</kw>
<status status="PASS" starttime="20190406 22:37:27.677" endtime="20190406 22:37:27.775"></status>
</kw>
<kw name="Log To Console" library="BuiltIn">
<doc>Logs the given message to the console.</doc>
<arguments>
<arg>All Emepments Cleared.</arg>
</arguments>
<status status="PASS" starttime="20190406 22:37:27.775" endtime="20190406 22:37:27.777"></status>
</kw>
<kw name="Enter Invalid Username and Empty Password" library="KeywordsPage">
<kw name="Input Text" library="SeleniumLibrary">
<doc>Types the given ``text`` into text field identified by ``locator``.</doc>
<arguments>
<arg>${UserName}</arg>
<arg>Admin3</arg>
</arguments>
<msg timestamp="20190406 22:37:27.778" level="INFO">Typing text 'Admin3' into text field 'id=txtUsername'.</msg>
<status status="PASS" starttime="20190406 22:37:27.778" endtime="20190406 22:37:28.095"></status>
</kw>
<kw name="Input Text" library="SeleniumLibrary">
<doc>Types the given ``text`` into text field identified by ``locator``.</doc>
<arguments>
<arg>${Password}</arg>
<arg>${EMPTY}</arg>
</arguments>
<msg timestamp="20190406 22:37:28.096" level="INFO">Typing text '' into text field 'id=txtPassword'.</msg>
<status status="PASS" starttime="20190406 22:37:28.095" endtime="20190406 22:37:28.203"></status>
</kw>
<kw name="Click Button" library="SeleniumLibrary">
<doc>Clicks button identified by ``locator``.</doc>
<arguments>
<arg>${Submit}</arg>
</arguments>
<msg timestamp="20190406 22:37:28.204" level="INFO">Clicking button 'id=btnLogin'.</msg>
<status status="PASS" starttime="20190406 22:37:28.203" endtime="20190406 22:37:28.347"></status>
</kw>
<kw name="Get Text" library="SeleniumLibrary">
<doc>Returns the text value of element identified by ``locator``.</doc>
<arguments>
<arg>${ValidationText}</arg>
</arguments>
<assign>
<var>${oh}</var>
</assign>
<msg timestamp="20190406 22:37:28.385" level="INFO">${oh} = Password cannot be empty</msg>
<status status="PASS" starttime="20190406 22:37:28.348" endtime="20190406 22:37:28.385"></status>
</kw>
<kw name="Log To Console" library="BuiltIn">
<doc>Logs the given message to the console.</doc>
<arguments>
<arg>${oh}</arg>
</arguments>
<status status="PASS" starttime="20190406 22:37:28.385" endtime="20190406 22:37:28.386"></status>
</kw>
<status status="PASS" starttime="20190406 22:37:27.777" endtime="20190406 22:37:28.387"></status>
</kw>
<kw name="Clear Fields" library="KeywordsPage">
<kw name="Clear Element Text" library="SeleniumLibrary">
<doc>Clears the value of text entry element identified by ``locator``.</doc>
<arguments>
<arg>${UserName}</arg>
</arguments>
<status status="PASS" starttime="20190406 22:37:28.389" endtime="20190406 22:37:28.449"></status>
</kw>
<kw name="Clear Element Text" library="SeleniumLibrary">
<doc>Clears the value of text entry element identified by ``locator``.</doc>
<arguments>
<arg>${Password}</arg>
</arguments>
<status status="PASS" starttime="20190406 22:37:28.450" endtime="20190406 22:37:28.490"></status>
</kw>
<status status="PASS" starttime="20190406 22:37:28.388" endtime="20190406 22:37:28.490"></status>
</kw>
<kw name="Enter Valid Username and Invalid Password" library="KeywordsPage">
<kw name="Input Text" library="SeleniumLibrary">
<doc>Types the given ``text`` into text field identified by ``locator``.</doc>
<arguments>
<arg>${UserName}</arg>
<arg>Admin</arg>
</arguments>
<msg timestamp="20190406 22:37:28.494" level="INFO">Typing text 'Admin' into text field 'id=txtUsername'.</msg>
<status status="PASS" starttime="20190406 22:37:28.493" endtime="20190406 22:37:28.700"></status>
</kw>
<kw name="Input Text" library="SeleniumLibrary">
<doc>Types the given ``text`` into text field identified by ``locator``.</doc>
<arguments>
<arg>${Password}</arg>
<arg>admin123345</arg>
</arguments>
<msg timestamp="20190406 22:37:28.702" level="INFO">Typing text 'admin123345' into text field 'id=txtPassword'.</msg>
<status status="PASS" starttime="20190406 22:37:28.701" endtime="20190406 22:37:28.900"></status>
</kw>
<kw name="Click Button" library="SeleniumLibrary">
<doc>Clicks button identified by ``locator``.</doc>
<arguments>
<arg>${Submit}</arg>
</arguments>
<msg timestamp="20190406 22:37:28.900" level="INFO">Clicking button 'id=btnLogin'.</msg>
<status status="PASS" starttime="20190406 22:37:28.900" endtime="20190406 22:37:29.691"></status>
</kw>
<kw name="Get Text" library="SeleniumLibrary">
<doc>Returns the text value of element identified by ``locator``.</doc>
<arguments>
<arg>${ValidationText}</arg>
</arguments>
<assign>
<var>${oh}</var>
</assign>
<msg timestamp="20190406 22:37:29.731" level="INFO">${oh} = Invalid credentials</msg>
<status status="PASS" starttime="20190406 22:37:29.691" endtime="20190406 22:37:29.731"></status>
</kw>
<kw name="Log To Console" library="BuiltIn">
<doc>Logs the given message to the console.</doc>
<arguments>
<arg>${oh}</arg>
</arguments>
<status status="PASS" starttime="20190406 22:37:29.732" endtime="20190406 22:37:29.732"></status>
</kw>
<status status="PASS" starttime="20190406 22:37:28.491" endtime="20190406 22:37:29.732"></status>
</kw>
<kw name="Clear Fields" library="KeywordsPage">
<kw name="Clear Element Text" library="SeleniumLibrary">
<doc>Clears the value of text entry element identified by ``locator``.</doc>
<arguments>
<arg>${UserName}</arg>
</arguments>
<status status="PASS" starttime="20190406 22:37:29.734" endtime="20190406 22:37:29.776"></status>
</kw>
<kw name="Clear Element Text" library="SeleniumLibrary">
<doc>Clears the value of text entry element identified by ``locator``.</doc>
<arguments>
<arg>${Password}</arg>
</arguments>
<status status="PASS" starttime="20190406 22:37:29.776" endtime="20190406 22:37:29.828"></status>
</kw>
<status status="PASS" starttime="20190406 22:37:29.733" endtime="20190406 22:37:29.829"></status>
</kw>
<kw name="Enter Valid Username and Empty Password" library="KeywordsPage">
<kw name="Input Text" library="SeleniumLibrary">
<doc>Types the given ``text`` into text field identified by ``locator``.</doc>
<arguments>
<arg>${UserName}</arg>
<arg>Admin</arg>
</arguments>
<msg timestamp="20190406 22:37:29.831" level="INFO">Typing text 'Admin' into text field 'id=txtUsername'.</msg>
<status status="PASS" starttime="20190406 22:37:29.830" endtime="20190406 22:37:29.937"></status>
</kw>
<kw name="Input Text" library="SeleniumLibrary">
<doc>Types the given ``text`` into text field identified by ``locator``.</doc>
<arguments>
<arg>${Password}</arg>
<arg>${EMPTY}</arg>
</arguments>
<msg timestamp="20190406 22:37:29.938" level="INFO">Typing text '' into text field 'id=txtPassword'.</msg>
<status status="PASS" starttime="20190406 22:37:29.937" endtime="20190406 22:37:30.019"></status>
</kw>
<kw name="Click Button" library="SeleniumLibrary">
<doc>Clicks button identified by ``locator``.</doc>
<arguments>
<arg>${Submit}</arg>
</arguments>
<msg timestamp="20190406 22:37:30.020" level="INFO">Clicking button 'id=btnLogin'.</msg>
<status status="PASS" starttime="20190406 22:37:30.020" endtime="20190406 22:37:30.114"></status>
</kw>
<kw name="Get Text" library="SeleniumLibrary">
<doc>Returns the text value of element identified by ``locator``.</doc>
<arguments>
<arg>${ValidationText}</arg>
</arguments>
<assign>
<var>${oh}</var>
</assign>
<msg timestamp="20190406 22:37:30.149" level="INFO">${oh} = Password cannot be empty</msg>
<status status="PASS" starttime="20190406 22:37:30.115" endtime="20190406 22:37:30.150"></status>
</kw>
<kw name="Log To Console" library="BuiltIn">
<doc>Logs the given message to the console.</doc>
<arguments>
<arg>${oh}</arg>
</arguments>
<status status="PASS" starttime="20190406 22:37:30.150" endtime="20190406 22:37:30.151"></status>
</kw>
<status status="PASS" starttime="20190406 22:37:29.829" endtime="20190406 22:37:30.151"></status>
</kw>
<kw name="Clear Fields" library="KeywordsPage">
<kw name="Clear Element Text" library="SeleniumLibrary">
<doc>Clears the value of text entry element identified by ``locator``.</doc>
<arguments>
<arg>${UserName}</arg>
</arguments>
<status status="PASS" starttime="20190406 22:37:30.154" endtime="20190406 22:37:30.194"></status>
</kw>
<kw name="Clear Element Text" library="SeleniumLibrary">
<doc>Clears the value of text entry element identified by ``locator``.</doc>
<arguments>
<arg>${Password}</arg>
</arguments>
<status status="PASS" starttime="20190406 22:37:30.194" endtime="20190406 22:37:30.226"></status>
</kw>
<status status="PASS" starttime="20190406 22:37:30.152" endtime="20190406 22:37:30.227"></status>
</kw>
<kw name="Enter Correct Username ans password" library="KeywordsPage">
<kw name="Input Text" library="SeleniumLibrary">
<doc>Types the given ``text`` into text field identified by ``locator``.</doc>
<arguments>
<arg>${UserName}</arg>
<arg>Admin</arg>
</arguments>
<msg timestamp="20190406 22:37:30.232" level="INFO">Typing text 'Admin' into text field 'id=txtUsername'.</msg>
<status status="PASS" starttime="20190406 22:37:30.231" endtime="20190406 22:37:30.373"></status>
</kw>
<kw name="Input Text" library="SeleniumLibrary">
<doc>Types the given ``text`` into text field identified by ``locator``.</doc>
<arguments>
<arg>${Password}</arg>
<arg>admin123</arg>
</arguments>
<msg timestamp="20190406 22:37:30.374" level="INFO">Typing text 'admin123' into text field 'id=txtPassword'.</msg>
<status status="PASS" starttime="20190406 22:37:30.373" endtime="20190406 22:37:30.500"></status>
</kw>
<kw name="Click Button" library="SeleniumLibrary">
<doc>Clicks button identified by ``locator``.</doc>
<arguments>
<arg>${Submit}</arg>
</arguments>
<msg timestamp="20190406 22:37:30.501" level="INFO">Clicking button 'id=btnLogin'.</msg>
<status status="PASS" starttime="20190406 22:37:30.500" endtime="20190406 22:37:33.918"></status>
</kw>
<status status="PASS" starttime="20190406 22:37:30.228" endtime="20190406 22:37:33.919"></status>
</kw>
<kw name="Get Title" library="SeleniumLibrary">
<doc>Returns the title of current page.</doc>
<assign>
<var>${BeforeLoginTitle}</var>
</assign>
<msg timestamp="20190406 22:37:33.929" level="INFO">${BeforeLoginTitle} = OrangeHRM</msg>
<status status="PASS" starttime="20190406 22:37:33.919" endtime="20190406 22:37:33.929"></status>
</kw>
<kw name="Log To Console" library="BuiltIn">
<doc>Logs the given message to the console.</doc>
<arguments>
<arg>Logged in successfully</arg>
</arguments>
<status status="PASS" starttime="20190406 22:37:33.930" endtime="20190406 22:37:33.932"></status>
</kw>
<kw name="Sleep" library="BuiltIn">
<doc>Pauses the test executed for the given time.</doc>
<arguments>
<arg>${Speep}</arg>
</arguments>
<msg timestamp="20190406 22:37:39.936" level="INFO">Slept 6 seconds</msg>
<status status="PASS" starttime="20190406 22:37:33.933" endtime="20190406 22:37:39.937"></status>
</kw>
<kw name="Get Location" library="SeleniumLibrary">
<doc>Returns the current browser URL.</doc>
<assign>
<var>${URL_AfterLogin}</var>
</assign>
<msg timestamp="20190406 22:37:39.946" level="INFO">${URL_AfterLogin} = https://opensource-demo.orangehrmlive.com/index.php/dashboard</msg>
<status status="PASS" starttime="20190406 22:37:39.938" endtime="20190406 22:37:39.946"></status>
</kw>
<kw name="Log To Console" library="BuiltIn">
<doc>Logs the given message to the console.</doc>
<arguments>
<arg>${URL_AfterLogin}</arg>
</arguments>
<status status="PASS" starttime="20190406 22:37:39.947" endtime="20190406 22:37:39.948"></status>
</kw>
<tags>
<tag>Smoke</tag>
</tags>
<status status="PASS" starttime="20190406 22:37:16.726" endtime="20190406 22:37:39.949" critical="yes"></status>
</test>
<test id="s1-s1-t2" name="Press Logout on main page">
<kw name="Click Logout Option">
<kw name="Click Element" library="SeleniumLibrary">
<doc>Click element identified by ``locator``.</doc>
<arguments>
<arg>${ClickLogouttext}</arg>
</arguments>
<msg timestamp="20190406 22:37:39.959" level="INFO">Clicking element 'xpath=//a[contains(text(),'Welcome Admin')]'.</msg>
<status status="PASS" starttime="20190406 22:37:39.957" endtime="20190406 22:37:40.098"></status>
</kw>
<status status="PASS" starttime="20190406 22:37:39.955" endtime="20190406 22:37:40.099"></status>
</kw>
<kw name="About Option">
<kw name="Click Element" library="SeleniumLibrary">
<doc>Click element identified by ``locator``.</doc>
<arguments>
<arg>${About}</arg>
</arguments>
<msg timestamp="20190406 22:37:40.103" level="INFO">Clicking element 'xpath=//a[@id='aboutDisplayLink']'.</msg>
<status status="PASS" starttime="20190406 22:37:40.101" endtime="20190406 22:37:41.037"></status>
</kw>
<status status="PASS" starttime="20190406 22:37:40.100" endtime="20190406 22:37:41.037"></status>
</kw>
<kw name="Get Text" library="SeleniumLibrary">
<doc>Returns the text value of element identified by ``locator``.</doc>
<arguments>
<arg>${About_content}</arg>
</arguments>
<assign>
<var>${text_about}</var>
</assign>
<msg timestamp="20190406 22:37:41.103" level="INFO">${text_about} = Company Name: Công ty KGX
Version: Orangehrm OS 4.3
Active Employees: 233
Employees Terminated: 0</msg>
<status status="PASS" starttime="20190406 22:37:41.038" endtime="20190406 22:37:41.105"></status>
</kw>
<kw name="Log To Console" library="BuiltIn">
<doc>Logs the given message to the console.</doc>
<arguments>
<arg>${text_about}</arg>
</arguments>
<status status="PASS" starttime="20190406 22:37:41.106" endtime="20190406 22:37:41.108"></status>
</kw>
<kw name="Click Element" library="SeleniumLibrary">
<doc>Click element identified by ``locator``.</doc>
<arguments>
<arg>${close_window}</arg>
</arguments>
<msg timestamp="20190406 22:37:41.109" level="INFO">Clicking element 'xpath=//a[@class='close']'.</msg>
<status status="PASS" starttime="20190406 22:37:41.109" endtime="20190406 22:37:41.215"></status>
</kw>
<kw name="Get Location" library="SeleniumLibrary">
<doc>Returns the current browser URL.</doc>
<assign>
<var>${curlink}</var>
</assign>
<msg timestamp="20190406 22:37:41.223" level="INFO">${curlink} = https://opensource-demo.orangehrmlive.com/index.php/dashboard#</msg>
<status status="PASS" starttime="20190406 22:37:41.216" endtime="20190406 22:37:41.223"></status>
</kw>
<kw name="Log To Console" library="BuiltIn">
<doc>Logs the given message to the console.</doc>
<arguments>
<arg>${curlink}</arg>
</arguments>
<status status="PASS" starttime="20190406 22:37:41.224" endtime="20190406 22:37:41.225"></status>
</kw>
<status status="PASS" starttime="20190406 22:37:39.953" endtime="20190406 22:37:41.226" critical="yes"></status>
</test>
<test id="s1-s1-t3" name="Top Header menu option">
<kw name="Create List" library="BuiltIn">
<doc>Returns a list containing given items.</doc>
<arguments>
<arg>Admin</arg>
<arg>PIM</arg>
<arg>Leave</arg>
<arg>Time</arg>
<arg>Recruitment</arg>
<arg>Performance</arg>
<arg>Dashboard</arg>
<arg>Directory</arg>
<arg>Maintenance</arg>
</arguments>
<assign>
<var>@{Head}</var>
</assign>
<msg timestamp="20190406 22:37:41.231" level="INFO">@{Head} = [ Admin | PIM | Leave | Time | Recruitment | Performance | Dashboard | Directory | Maintenance ]</msg>
<status status="PASS" starttime="20190406 22:37:41.230" endtime="20190406 22:37:41.231"></status>
</kw>
<kw name="${Values} IN [ @{Head} ]" type="for">
<kw name="${Values} = Admin" type="foritem">
<kw name="Log To Console" library="BuiltIn">
<doc>Logs the given message to the console.</doc>
<arguments>
<arg>${Values}</arg>
</arguments>
<status status="PASS" starttime="20190406 22:37:41.232" endtime="20190406 22:37:41.232"></status>
</kw>
<status status="PASS" starttime="20190406 22:37:41.231" endtime="20190406 22:37:41.232"></status>
</kw>
<kw name="${Values} = PIM" type="foritem">
<kw name="Log To Console" library="BuiltIn">
<doc>Logs the given message to the console.</doc>
<arguments>
<arg>${Values}</arg>
</arguments>
<status status="PASS" starttime="20190406 22:37:41.233" endtime="20190406 22:37:41.233"></status>
</kw>
<status status="PASS" starttime="20190406 22:37:41.232" endtime="20190406 22:37:41.234"></status>
</kw>
<kw name="${Values} = Leave" type="foritem">
<kw name="Log To Console" library="BuiltIn">
<doc>Logs the given message to the console.</doc>
<arguments>
<arg>${Values}</arg>
</arguments>
<status status="PASS" starttime="20190406 22:37:41.234" endtime="20190406 22:37:41.235"></status>
</kw>
<status status="PASS" starttime="20190406 22:37:41.234" endtime="20190406 22:37:41.235"></status>
</kw>
<kw name="${Values} = Time" type="foritem">
<kw name="Log To Console" library="BuiltIn">
<doc>Logs the given message to the console.</doc>
<arguments>
<arg>${Values}</arg>
</arguments>
<status status="PASS" starttime="20190406 22:37:41.237" endtime="20190406 22:37:41.238"></status>
</kw>
<status status="PASS" starttime="20190406 22:37:41.236" endtime="20190406 22:37:41.238"></status>
</kw>
<kw name="${Values} = Recruitment" type="foritem">
<kw name="Log To Console" library="BuiltIn">
<doc>Logs the given message to the console.</doc>
<arguments>
<arg>${Values}</arg>
</arguments>
<status status="PASS" starttime="20190406 22:37:41.239" endtime="20190406 22:37:41.240"></status>
</kw>
<status status="PASS" starttime="20190406 22:37:41.238" endtime="20190406 22:37:41.240"></status>
</kw>
<kw name="${Values} = Performance" type="foritem">
<kw name="Log To Console" library="BuiltIn">
<doc>Logs the given message to the console.</doc>
<arguments>
<arg>${Values}</arg>
</arguments>
<status status="PASS" starttime="20190406 22:37:41.241" endtime="20190406 22:37:41.242"></status>
</kw>
<status status="PASS" starttime="20190406 22:37:41.240" endtime="20190406 22:37:41.243"></status>
</kw>
<kw name="${Values} = Dashboard" type="foritem">
<kw name="Log To Console" library="BuiltIn">
<doc>Logs the given message to the console.</doc>
<arguments>
<arg>${Values}</arg>
</arguments>
<status status="PASS" starttime="20190406 22:37:41.243" endtime="20190406 22:37:41.244"></status>
</kw>
<status status="PASS" starttime="20190406 22:37:41.243" endtime="20190406 22:37:41.244"></status>
</kw>
<kw name="${Values} = Directory" type="foritem">
<kw name="Log To Console" library="BuiltIn">
<doc>Logs the given message to the console.</doc>
<arguments>
<arg>${Values}</arg>
</arguments>
<status status="PASS" starttime="20190406 22:37:41.245" endtime="20190406 22:37:41.246"></status>
</kw>
<status status="PASS" starttime="20190406 22:37:41.244" endtime="20190406 22:37:41.246"></status>
</kw>
<kw name="${Values} = Maintenance" type="foritem">
<kw name="Log To Console" library="BuiltIn">
<doc>Logs the given message to the console.</doc>
<arguments>
<arg>${Values}</arg>
</arguments>
<status status="PASS" starttime="20190406 22:37:41.247" endtime="20190406 22:37:41.248"></status>
</kw>
<status status="PASS" starttime="20190406 22:37:41.247" endtime="20190406 22:37:41.248"></status>
</kw>
<status status="PASS" starttime="20190406 22:37:41.231" endtime="20190406 22:37:41.248"></status>
</kw>
<kw name="Get Location" library="SeleniumLibrary">
<doc>Returns the current browser URL.</doc>
<assign>
<var>${curlinkdf}</var>
</assign>
<msg timestamp="20190406 22:37:41.262" level="INFO">${curlinkdf} = https://opensource-demo.orangehrmlive.com/index.php/dashboard#</msg>
<status status="PASS" starttime="20190406 22:37:41.249" endtime="20190406 22:37:41.262"></status>
</kw>
<kw name="Log To Console" library="BuiltIn">
<doc>Logs the given message to the console.</doc>
<arguments>
<arg>${curlinkdf}</arg>
</arguments>
<status status="PASS" starttime="20190406 22:37:41.263" endtime="20190406 22:37:41.265"></status>
</kw>
<status status="PASS" starttime="20190406 22:37:41.228" endtime="20190406 22:37:41.267" critical="yes"></status>
</test>
<test id="s1-s1-t4" name="Legends option">
<kw name="Main Pages Legends">
<kw name="Get Text" library="SeleniumLibrary">
<doc>Returns the text value of element identified by ``locator``.</doc>
<arguments>
<arg>${Ledends}</arg>
</arguments>
<assign>
<var>${a}</var>
</assign>
<msg timestamp="20190406 22:37:41.376" level="INFO">${a} = Legend
Not assigned to Subunits
IT</msg>
<status status="PASS" starttime="20190406 22:37:41.271" endtime="20190406 22:37:41.376"></status>
</kw>
<kw name="Log To Console" library="BuiltIn">
<doc>Logs the given message to the console.</doc>
<arguments>
<arg>${a}</arg>
</arguments>
<status status="PASS" starttime="20190406 22:37:41.377" endtime="20190406 22:37:41.377"></status>
</kw>
<status status="PASS" starttime="20190406 22:37:41.270" endtime="20190406 22:37:41.378"></status>
</kw>
<kw name="Mouse Over" library="SeleniumLibrary">
<doc>Simulates hovering mouse over the element ``locator``.</doc>
<arguments>
<arg>${SubunitDetails}</arg>
</arguments>
<msg timestamp="20190406 22:37:41.380" level="INFO">Simulating Mouse Over on element 'xpath=//fieldset[@id='panel_resizable_1_0']'.</msg>
<status status="PASS" starttime="20190406 22:37:41.379" endtime="20190406 22:37:41.425"></status>
</kw>
<kw name="Get Text" library="SeleniumLibrary">
<doc>Returns the text value of element identified by ``locator``.</doc>
<arguments>
<arg>${SubunitDetails}</arg>
</arguments>
<assign>
<var>${b}</var>
</assign>
<msg timestamp="20190406 22:37:41.472" level="INFO">${b} = Employee Distribution by Subunit
100%

Not assigned to Subunits: 232 Employee(s) (99.57%)</msg>
<status status="PASS" starttime="20190406 22:37:41.425" endtime="20190406 22:37:41.472"></status>
</kw>
<kw name="Log To Console" library="BuiltIn">
<doc>Logs the given message to the console.</doc>
<arguments>
<arg>${b}</arg>
</arguments>
<status status="PASS" starttime="20190406 22:37:41.473" endtime="20190406 22:37:41.474"></status>
</kw>
<kw name="Get Location" library="SeleniumLibrary">
<doc>Returns the current browser URL.</doc>
<assign>
<var>${curlink123}</var>
</assign>
<msg timestamp="20190406 22:37:41.484" level="INFO">${curlink123} = https://opensource-demo.orangehrmlive.com/index.php/dashboard#</msg>
<status status="PASS" starttime="20190406 22:37:41.475" endtime="20190406 22:37:41.484"></status>
</kw>
<kw name="Log To Console" library="BuiltIn">
<doc>Logs the given message to the console.</doc>
<arguments>
<arg>${curlink123}</arg>
</arguments>
<status status="PASS" starttime="20190406 22:37:41.486" endtime="20190406 22:37:41.487"></status>
</kw>
<status status="PASS" starttime="20190406 22:37:41.268" endtime="20190406 22:37:41.488" critical="yes"></status>
</test>
<test id="s1-s1-t5" name="Board Dashboard">
<kw name="Main DB options">
<kw name="Get Text" library="SeleniumLibrary">
<doc>Returns the text value of element identified by ``locator``.</doc>
<arguments>
<arg>${DBOptions}</arg>
</arguments>
<assign>
<var>${d}</var>
</assign>
<msg timestamp="20190406 22:37:41.686" level="INFO">${d} = Quick Launch
Assign Leave
Leave List
Timesheets</msg>
<status status="PASS" starttime="20190406 22:37:41.493" endtime="20190406 22:37:41.686"></status>
</kw>
<kw name="Log To Console" library="BuiltIn">
<doc>Logs the given message to the console.</doc>
<arguments>
<arg>${d}</arg>
</arguments>
<status status="PASS" starttime="20190406 22:37:41.687" endtime="20190406 22:37:41.689"></status>
</kw>
<status status="PASS" starttime="20190406 22:37:41.491" endtime="20190406 22:37:41.690"></status>
</kw>
<kw name="Get Location" library="SeleniumLibrary">
<doc>Returns the current browser URL.</doc>
<assign>
<var>${curlink1234}</var>
</assign>
<msg timestamp="20190406 22:37:41.707" level="INFO">${curlink1234} = https://opensource-demo.orangehrmlive.com/index.php/dashboard#</msg>
<status status="PASS" starttime="20190406 22:37:41.691" endtime="20190406 22:37:41.707"></status>
</kw>
<kw name="Log To Console" library="BuiltIn">
<doc>Logs the given message to the console.</doc>
<arguments>
<arg>${curlink1234}</arg>
</arguments>
<status status="PASS" starttime="20190406 22:37:41.708" endtime="20190406 22:37:41.709"></status>
</kw>
<status status="PASS" starttime="20190406 22:37:41.489" endtime="20190406 22:37:41.709" critical="yes"></status>
</test>
<test id="s1-s1-t6" name="Assign Leave">
<kw name="Click Element" library="SeleniumLibrary">
<doc>Click element identified by ``locator``.</doc>
<arguments>
<arg>${AssignLeave}</arg>
</arguments>
<msg timestamp="20190406 22:37:41.713" level="INFO">Clicking element 'xpath=//div[@id='dashboard-quick-launch-panel-menu_holder']/table/tbody/tr/td/div/a/img[@src='/webres_5bd6ae3dc0fea0.31921995/orangehrmLeavePlugin/images/ApplyLeave.png']'.</msg>
<kw name="Capture Page Screenshot" library="SeleniumLibrary">
<doc>Takes screenshot of the current page and embeds it into log file.</doc>
<msg timestamp="20190406 22:37:42.796" level="INFO" html="yes">&lt;/td&gt;&lt;/tr&gt;&lt;tr&gt;&lt;td colspan="3"&gt;&lt;a href="selenium-screenshot-2.png"&gt;&lt;img src="selenium-screenshot-2.png" width="800px"&gt;&lt;/a&gt;</msg>
<status status="PASS" starttime="20190406 22:37:41.740" endtime="20190406 22:37:42.796"></status>
</kw>
<msg timestamp="20190406 22:37:42.803" level="FAIL">Element with locator 'xpath=//div[@id='dashboard-quick-launch-panel-menu_holder']/table/tbody/tr/td/div/a/img[@src='/webres_5bd6ae3dc0fea0.31921995/orangehrmLeavePlugin/images/ApplyLeave.png']' not found.</msg>
<status status="FAIL" starttime="20190406 22:37:41.712" endtime="20190406 22:37:42.803"></status>
</kw>
<status status="FAIL" starttime="20190406 22:37:41.710" endtime="20190406 22:37:42.804" critical="yes">Element with locator 'xpath=//div[@id='dashboard-quick-launch-panel-menu_holder']/table/tbody/tr/td/div/a/img[@src='/webres_5bd6ae3dc0fea0.31921995/orangehrmLeavePlugin/images/ApplyLeave.png']' not found.</status>
</test>
<test id="s1-s1-t7" name="Fill Leave assign fourm">
<kw name="Input Text" library="SeleniumLibrary">
<doc>Types the given ``text`` into text field identified by ``locator``.</doc>
<arguments>
<arg>${EmployeeNameAssign}</arg>
<arg>Jasmine Morgan</arg>
</arguments>
<msg timestamp="20190406 22:37:42.811" level="INFO">Typing text 'Jasmine Morgan' into text field 'xpath=//input[@id='assignleave_txtEmployee_empName']'.</msg>
<kw name="Capture Page Screenshot" library="SeleniumLibrary">
<doc>Takes screenshot of the current page and embeds it into log file.</doc>
<msg timestamp="20190406 22:37:43.587" level="INFO" html="yes">&lt;/td&gt;&lt;/tr&gt;&lt;tr&gt;&lt;td colspan="3"&gt;&lt;a href="selenium-screenshot-3.png"&gt;&lt;img src="selenium-screenshot-3.png" width="800px"&gt;&lt;/a&gt;</msg>
<status status="PASS" starttime="20190406 22:37:42.841" endtime="20190406 22:37:43.587"></status>
</kw>
<msg timestamp="20190406 22:37:43.589" level="FAIL">Element with locator 'xpath=//input[@id='assignleave_txtEmployee_empName']' not found.</msg>
<status status="FAIL" starttime="20190406 22:37:42.810" endtime="20190406 22:37:43.590"></status>
</kw>
<status status="FAIL" starttime="20190406 22:37:42.807" endtime="20190406 22:37:43.590" critical="yes">Element with locator 'xpath=//input[@id='assignleave_txtEmployee_empName']' not found.</status>
</test>
<test id="s1-s1-t8" name="Leave Fourm Verification">
<kw name="Mouse Over" library="SeleniumLibrary">
<doc>Simulates hovering mouse over the element ``locator``.</doc>
<arguments>
<arg>xpath=//a[@id='menu_leave_viewLeaveModule']</arg>
</arguments>
<msg timestamp="20190406 22:37:43.595" level="INFO">Simulating Mouse Over on element 'xpath=//a[@id='menu_leave_viewLeaveModule']'.</msg>
<status status="PASS" starttime="20190406 22:37:43.594" endtime="20190406 22:37:43.692"></status>
</kw>
<kw name="Sleep" library="BuiltIn">
<doc>Pauses the test executed for the given time.</doc>
<arguments>
<arg>3</arg>
</arguments>
<msg timestamp="20190406 22:37:46.695" level="INFO">Slept 3 seconds</msg>
<status status="PASS" starttime="20190406 22:37:43.693" endtime="20190406 22:37:46.695"></status>
</kw>
<kw name="Mouse Over" library="SeleniumLibrary">
<doc>Simulates hovering mouse over the element ``locator``.</doc>
<arguments>
<arg>xpath=//a[@id='menu_leave_Entitlements']</arg>
</arguments>
<msg timestamp="20190406 22:37:46.697" level="INFO">Simulating Mouse Over on element 'xpath=//a[@id='menu_leave_Entitlements']'.</msg>
<status status="PASS" starttime="20190406 22:37:46.696" endtime="20190406 22:37:46.786"></status>
</kw>
<kw name="Sleep" library="BuiltIn">
<doc>Pauses the test executed for the given time.</doc>
<arguments>
<arg>3</arg>
</arguments>
<msg timestamp="20190406 22:37:49.789" level="INFO">Slept 3 seconds</msg>
<status status="PASS" starttime="20190406 22:37:46.787" endtime="20190406 22:37:49.789"></status>
</kw>
<kw name="Mouse Over" library="SeleniumLibrary">
<doc>Simulates hovering mouse over the element ``locator``.</doc>
<arguments>
<arg>xpath=//a[@id='menu_leave_addLeaveEntitlement']</arg>
</arguments>
<msg timestamp="20190406 22:37:49.791" level="INFO">Simulating Mouse Over on element 'xpath=//a[@id='menu_leave_addLeaveEntitlement']'.</msg>
<status status="PASS" starttime="20190406 22:37:49.790" endtime="20190406 22:37:49.856"></status>
</kw>
<kw name="Click Element" library="SeleniumLibrary">
<doc>Click element identified by ``locator``.</doc>
<arguments>
<arg>xpath=//a[@id='menu_leave_addLeaveEntitlement']</arg>
</arguments>
<msg timestamp="20190406 22:37:49.859" level="INFO">Clicking element 'xpath=//a[@id='menu_leave_addLeaveEntitlement']'.</msg>
<status status="PASS" starttime="20190406 22:37:49.857" endtime="20190406 22:37:52.046"></status>
</kw>
<kw name="Get Location" library="SeleniumLibrary">
<doc>Returns the current browser URL.</doc>
<assign>
<var>${cur_url}</var>
</assign>
<msg timestamp="20190406 22:37:52.057" level="INFO">${cur_url} = https://opensource-demo.orangehrmlive.com/index.php/leave/addLeaveEntitlement</msg>
<status status="PASS" starttime="20190406 22:37:52.048" endtime="20190406 22:37:52.058"></status>
</kw>
<kw name="Log To Console" library="BuiltIn">
<doc>Logs the given message to the console.</doc>
<arguments>
<arg>${cur_url}</arg>
</arguments>
<status status="PASS" starttime="20190406 22:37:52.059" endtime="20190406 22:37:52.060"></status>
</kw>
<status status="PASS" starttime="20190406 22:37:43.592" endtime="20190406 22:37:52.061" critical="yes"></status>
</test>
<test id="s1-s1-t9" name="Fill Leave fourm">
<kw name="Input Text" library="SeleniumLibrary">
<doc>Types the given ``text`` into text field identified by ``locator``.</doc>
<arguments>
<arg>xpath=//input[@id='entitlements_employee_empName']</arg>
<arg>Steven Edwards</arg>
</arguments>
<msg timestamp="20190406 22:37:52.065" level="INFO">Typing text 'Steven Edwards' into text field 'xpath=//input[@id='entitlements_employee_empName']'.</msg>
<status status="PASS" starttime="20190406 22:37:52.064" endtime="20190406 22:37:52.304"></status>
</kw>
<kw name="Select From List By Value" library="SeleniumLibrary">
<doc>Selects options from selection list ``locator`` by ``values``.</doc>
<arguments>
<arg>xpath=//select[@id='entitlements_leave_type']</arg>
<arg>3</arg>
</arguments>
<msg timestamp="20190406 22:37:52.305" level="INFO">Selecting options from selection list 'xpath=//select[@id='entitlements_leave_type']' by value 3.</msg>
<kw name="Capture Page Screenshot" library="SeleniumLibrary">
<doc>Takes screenshot of the current page and embeds it into log file.</doc>
<msg timestamp="20190406 22:37:53.818" level="INFO" html="yes">&lt;/td&gt;&lt;/tr&gt;&lt;tr&gt;&lt;td colspan="3"&gt;&lt;a href="selenium-screenshot-4.png"&gt;&lt;img src="selenium-screenshot-4.png" width="800px"&gt;&lt;/a&gt;</msg>
<status status="PASS" starttime="20190406 22:37:52.708" endtime="20190406 22:37:53.819"></status>
</kw>
<msg timestamp="20190406 22:37:53.821" level="FAIL">NoSuchElementException: Message: Cannot locate option with value: 3
</msg>
<status status="FAIL" starttime="20190406 22:37:52.304" endtime="20190406 22:37:53.822"></status>
</kw>
<status status="FAIL" starttime="20190406 22:37:52.063" endtime="20190406 22:37:53.822" critical="yes">NoSuchElementException: Message: Cannot locate option with value: 3
</status>
</test>
<test id="s1-s1-t10" name="PMI Field operations">
<kw name="Mouse Over" library="SeleniumLibrary">
<doc>Simulates hovering mouse over the element ``locator``.</doc>
<arguments>
<arg>xpath=//a[@id='menu_pim_viewPimModule']</arg>
</arguments>
<msg timestamp="20190406 22:37:53.824" level="INFO">Simulating Mouse Over on element 'xpath=//a[@id='menu_pim_viewPimModule']'.</msg>
<status status="PASS" starttime="20190406 22:37:53.824" endtime="20190406 22:37:53.892"></status>
</kw>
<kw name="Sleep" library="BuiltIn">
<doc>Pauses the test executed for the given time.</doc>
<arguments>
<arg>3</arg>
</arguments>
<msg timestamp="20190406 22:37:56.897" level="INFO">Slept 3 seconds</msg>
<status status="PASS" starttime="20190406 22:37:53.893" endtime="20190406 22:37:56.899"></status>
</kw>
<kw name="Mouse Over" library="SeleniumLibrary">
<doc>Simulates hovering mouse over the element ``locator``.</doc>
<arguments>
<arg>xpath=//a[@id='menu_pim_Configuration']</arg>
</arguments>
<msg timestamp="20190406 22:37:56.901" level="INFO">Simulating Mouse Over on element 'xpath=//a[@id='menu_pim_Configuration']'.</msg>
<status status="PASS" starttime="20190406 22:37:56.900" endtime="20190406 22:37:56.978"></status>
</kw>
<kw name="Sleep" library="BuiltIn">
<doc>Pauses the test executed for the given time.</doc>
<arguments>
<arg>3</arg>
</arguments>
<msg timestamp="20190406 22:37:59.982" level="INFO">Slept 3 seconds</msg>
<status status="PASS" starttime="20190406 22:37:56.979" endtime="20190406 22:37:59.983"></status>
</kw>
<kw name="Mouse Over" library="SeleniumLibrary">
<doc>Simulates hovering mouse over the element ``locator``.</doc>
<arguments>
<arg>xpath=//a[@id='menu_pim_configurePim']</arg>
</arguments>
<msg timestamp="20190406 22:37:59.984" level="INFO">Simulating Mouse Over on element 'xpath=//a[@id='menu_pim_configurePim']'.</msg>
<status status="PASS" starttime="20190406 22:37:59.983" endtime="20190406 22:38:00.050"></status>
</kw>
<kw name="Click Element" library="SeleniumLibrary">
<doc>Click element identified by ``locator``.</doc>
<arguments>
<arg>xpath=//a[@id='menu_pim_configurePim']</arg>
</arguments>
<msg timestamp="20190406 22:38:00.051" level="INFO">Clicking element 'xpath=//a[@id='menu_pim_configurePim']'.</msg>
<status status="PASS" starttime="20190406 22:38:00.050" endtime="20190406 22:38:01.831"></status>
</kw>
<kw name="Get Text" library="SeleniumLibrary">
<doc>Returns the text value of element identified by ``locator``.</doc>
<arguments>
<arg>xpath=//div[@class='inner']</arg>
</arguments>
<assign>
<var>${PIM}</var>
</assign>
<msg timestamp="20190406 22:38:01.917" level="INFO">${PIM} = Show Deprecated Fields
Show Nick Name, Smoker and Military Service in Personal Details
Country Specific Information
Show SSN field in Personal Details
Show SIN field in Personal Details
Show US Tax Ex...</msg>
<status status="PASS" starttime="20190406 22:38:01.831" endtime="20190406 22:38:01.918"></status>
</kw>
<kw name="Log To Console" library="BuiltIn">
<doc>Logs the given message to the console.</doc>
<arguments>
<arg>${PIM}</arg>
</arguments>
<status status="PASS" starttime="20190406 22:38:01.918" endtime="20190406 22:38:01.920"></status>
</kw>
<kw name="Click Element" library="SeleniumLibrary">
<doc>Click element identified by ``locator``.</doc>
<arguments>
<arg>xpath=//input[@name='configPim[chkShowSSN]']</arg>
</arguments>
<msg timestamp="20190406 22:38:01.921" level="INFO">Clicking element 'xpath=//input[@name='configPim[chkShowSSN]']'.</msg>
<status status="PASS" starttime="20190406 22:38:01.921" endtime="20190406 22:38:02.081"></status>
</kw>
<kw name="Click Element" library="SeleniumLibrary">
<doc>Click element identified by ``locator``.</doc>
<arguments>
<arg>xpath=//input[@id='btnSave']</arg>
</arguments>
<msg timestamp="20190406 22:38:02.082" level="INFO">Clicking element 'xpath=//input[@id='btnSave']'.</msg>
<status status="PASS" starttime="20190406 22:38:02.081" endtime="20190406 22:38:02.180"></status>
</kw>
<kw name="Click Element" library="SeleniumLibrary">
<doc>Click element identified by ``locator``.</doc>
<arguments>
<arg>xpath=//input[@id='btnSave']</arg>
</arguments>
<msg timestamp="20190406 22:38:02.182" level="INFO">Clicking element 'xpath=//input[@id='btnSave']'.</msg>
<status status="PASS" starttime="20190406 22:38:02.181" endtime="20190406 22:38:04.743"></status>
</kw>
<status status="PASS" starttime="20190406 22:37:53.823" endtime="20190406 22:38:04.744" critical="yes"></status>
</test>
<test id="s1-s1-t11" name="Custom Fields on PIM">
<kw name="Mouse Over" library="SeleniumLibrary">
<doc>Simulates hovering mouse over the element ``locator``.</doc>
<arguments>
<arg>xpath=//a[@id='menu_pim_viewPimModule']</arg>
</arguments>
<msg timestamp="20190406 22:38:04.747" level="INFO">Simulating Mouse Over on element 'xpath=//a[@id='menu_pim_viewPimModule']'.</msg>
<status status="PASS" starttime="20190406 22:38:04.747" endtime="20190406 22:38:04.807"></status>
</kw>
<kw name="Sleep" library="BuiltIn">
<doc>Pauses the test executed for the given time.</doc>
<arguments>
<arg>3</arg>
</arguments>
<msg timestamp="20190406 22:38:07.809" level="INFO">Slept 3 seconds</msg>
<status status="PASS" starttime="20190406 22:38:04.808" endtime="20190406 22:38:07.809"></status>
</kw>
<kw name="Mouse Over" library="SeleniumLibrary">
<doc>Simulates hovering mouse over the element ``locator``.</doc>
<arguments>
<arg>xpath=//a[@id='menu_pim_Configuration']</arg>
</arguments>
<msg timestamp="20190406 22:38:07.810" level="INFO">Simulating Mouse Over on element 'xpath=//a[@id='menu_pim_Configuration']'.</msg>
<status status="PASS" starttime="20190406 22:38:07.810" endtime="20190406 22:38:07.873"></status>
</kw>
<kw name="Sleep" library="BuiltIn">
<doc>Pauses the test executed for the given time.</doc>
<arguments>
<arg>3</arg>
</arguments>
<msg timestamp="20190406 22:38:10.876" level="INFO">Slept 3 seconds</msg>
<status status="PASS" starttime="20190406 22:38:07.874" endtime="20190406 22:38:10.877"></status>
</kw>
<kw name="Mouse Over" library="SeleniumLibrary">
<doc>Simulates hovering mouse over the element ``locator``.</doc>
<arguments>
<arg>xpath=//a[@id='menu_pim_listCustomFields']</arg>
</arguments>
<msg timestamp="20190406 22:38:10.881" level="INFO">Simulating Mouse Over on element 'xpath=//a[@id='menu_pim_listCustomFields']'.</msg>
<status status="PASS" starttime="20190406 22:38:10.879" endtime="20190406 22:38:10.929"></status>
</kw>
<kw name="Click Element" library="SeleniumLibrary">
<doc>Click element identified by ``locator``.</doc>
<arguments>
<arg>xpath=//a[@id='menu_pim_listCustomFields']</arg>
</arguments>
<msg timestamp="20190406 22:38:10.931" level="INFO">Clicking element 'xpath=//a[@id='menu_pim_listCustomFields']'.</msg>
<status status="PASS" starttime="20190406 22:38:10.930" endtime="20190406 22:38:12.769"></status>
</kw>
<kw name="Click Element" library="SeleniumLibrary">
<doc>Click element identified by ``locator``.</doc>
<arguments>
<arg>xpath=//input[@id='buttonAdd']</arg>
</arguments>
<msg timestamp="20190406 22:38:12.771" level="INFO">Clicking element 'xpath=//input[@id='buttonAdd']'.</msg>
<status status="PASS" starttime="20190406 22:38:12.770" endtime="20190406 22:38:12.869"></status>
</kw>
<kw name="Input Text" library="SeleniumLibrary">
<doc>Types the given ``text`` into text field identified by ``locator``.</doc>
<arguments>
<arg>xpath=//input[@id='customField_name']</arg>
<arg>JohnbuddyHom</arg>
</arguments>
<msg timestamp="20190406 22:38:12.871" level="INFO">Typing text 'JohnbuddyHom' into text field 'xpath=//input[@id='customField_name']'.</msg>
<status status="PASS" starttime="20190406 22:38:12.870" endtime="20190406 22:38:13.084"></status>
</kw>
<kw name="Select From List By Value" library="SeleniumLibrary">
<doc>Selects options from selection list ``locator`` by ``values``.</doc>
<arguments>
<arg>xpath=//select[@id='customField_screen']</arg>
<arg>emergency</arg>
</arguments>
<msg timestamp="20190406 22:38:13.086" level="INFO">Selecting options from selection list 'xpath=//select[@id='customField_screen']' by value emergency.</msg>
<status status="PASS" starttime="20190406 22:38:13.085" endtime="20190406 22:38:13.326"></status>
</kw>
<kw name="Select From List By Value" library="SeleniumLibrary">
<doc>Selects options from selection list ``locator`` by ``values``.</doc>
<arguments>
<arg>xpath=//select[@id='customField_type']</arg>
<arg>1</arg>
</arguments>
<msg timestamp="20190406 22:38:13.328" level="INFO">Selecting options from selection list 'xpath=//select[@id='customField_type']' by value 1.</msg>
<status status="PASS" starttime="20190406 22:38:13.327" endtime="20190406 22:38:13.449"></status>
</kw>
<kw name="Input Text" library="SeleniumLibrary">
<doc>Types the given ``text`` into text field identified by ``locator``.</doc>
<arguments>
<arg>xpath=//input[@id='customField_extra_data']</arg>
<arg>Bavi,bawana,Man</arg>
</arguments>
<msg timestamp="20190406 22:38:13.450" level="INFO">Typing text 'Bavi,bawana,Man' into text field 'xpath=//input[@id='customField_extra_data']'.</msg>
<status status="PASS" starttime="20190406 22:38:13.449" endtime="20190406 22:38:13.848"></status>
</kw>
<kw name="Click Element" library="SeleniumLibrary">
<doc>Click element identified by ``locator``.</doc>
<arguments>
<arg>xpath=//input[@id='btnSave']</arg>
</arguments>
<msg timestamp="20190406 22:38:13.849" level="INFO">Clicking element 'xpath=//input[@id='btnSave']'.</msg>
<status status="PASS" starttime="20190406 22:38:13.849" endtime="20190406 22:38:15.489"></status>
</kw>
<status status="PASS" starttime="20190406 22:38:04.745" endtime="20190406 22:38:15.489" critical="yes"></status>
</test>
<test id="s1-s1-t12" name="Data Imports on PIM">
<kw name="Mouse Over" library="SeleniumLibrary">
<doc>Simulates hovering mouse over the element ``locator``.</doc>
<arguments>
<arg>xpath=//a[@id='menu_pim_viewPimModule']</arg>
</arguments>
<msg timestamp="20190406 22:38:15.492" level="INFO">Simulating Mouse Over on element 'xpath=//a[@id='menu_pim_viewPimModule']'.</msg>
<status status="PASS" starttime="20190406 22:38:15.491" endtime="20190406 22:38:15.548"></status>
</kw>
<kw name="Sleep" library="BuiltIn">
<doc>Pauses the test executed for the given time.</doc>
<arguments>
<arg>3</arg>
</arguments>
<msg timestamp="20190406 22:38:18.550" level="INFO">Slept 3 seconds</msg>
<status status="PASS" starttime="20190406 22:38:15.549" endtime="20190406 22:38:18.551"></status>
</kw>
<kw name="Mouse Over" library="SeleniumLibrary">
<doc>Simulates hovering mouse over the element ``locator``.</doc>
<arguments>
<arg>xpath=//a[@id='menu_pim_Configuration']</arg>
</arguments>
<msg timestamp="20190406 22:38:18.553" level="INFO">Simulating Mouse Over on element 'xpath=//a[@id='menu_pim_Configuration']'.</msg>
<status status="PASS" starttime="20190406 22:38:18.552" endtime="20190406 22:38:18.592"></status>
</kw>
<kw name="Sleep" library="BuiltIn">
<doc>Pauses the test executed for the given time.</doc>
<arguments>
<arg>3</arg>
</arguments>
<msg timestamp="20190406 22:38:21.597" level="INFO">Slept 3 seconds</msg>
<status status="PASS" starttime="20190406 22:38:18.593" endtime="20190406 22:38:21.597"></status>
</kw>
<kw name="Mouse Over" library="SeleniumLibrary">
<doc>Simulates hovering mouse over the element ``locator``.</doc>
<arguments>
<arg>xpath=//a[@id='menu_admin_pimCsvImport']</arg>
</arguments>
<msg timestamp="20190406 22:38:21.598" level="INFO">Simulating Mouse Over on element 'xpath=//a[@id='menu_admin_pimCsvImport']'.</msg>
<status status="PASS" starttime="20190406 22:38:21.598" endtime="20190406 22:38:21.648"></status>
</kw>
<kw name="Click Element" library="SeleniumLibrary">
<doc>Click element identified by ``locator``.</doc>
<arguments>
<arg>xpath=//a[@id='menu_admin_pimCsvImport']</arg>
</arguments>
<msg timestamp="20190406 22:38:21.650" level="INFO">Clicking element 'xpath=//a[@id='menu_admin_pimCsvImport']'.</msg>
<status status="PASS" starttime="20190406 22:38:21.649" endtime="20190406 22:38:22.782"></status>
</kw>
<kw name="Sleep" library="BuiltIn">
<doc>Pauses the test executed for the given time.</doc>
<arguments>
<arg>3</arg>
</arguments>
<msg timestamp="20190406 22:38:25.784" level="INFO">Slept 3 seconds</msg>
<status status="PASS" starttime="20190406 22:38:22.782" endtime="20190406 22:38:25.784"></status>
</kw>
<kw name="Choose File" library="SeleniumLibrary">
<doc>Inputs the ``file_path`` into file input field ``locator``.</doc>
<arguments>
<arg>xpath=//input[@id='pimCsvImport_csvFile']</arg>
<arg>/Users/reenupanwar/Downloads/testdata.csv</arg>
</arguments>
<status status="PASS" starttime="20190406 22:38:25.784" endtime="20190406 22:38:25.840"></status>
</kw>
<kw name="Sleep" library="BuiltIn">
<doc>Pauses the test executed for the given time.</doc>
<arguments>
<arg>3</arg>
</arguments>
<msg timestamp="20190406 22:38:28.841" level="INFO">Slept 3 seconds</msg>
<status status="PASS" starttime="20190406 22:38:25.841" endtime="20190406 22:38:28.842"></status>
</kw>
<kw name="Get Text" library="SeleniumLibrary">
<doc>Returns the text value of element identified by ``locator``.</doc>
<arguments>
<arg>xpath=//div[@class='inner']</arg>
</arguments>
<assign>
<var>${DataImp}</var>
</assign>
<msg timestamp="20190406 22:38:28.925" level="INFO">${DataImp} = Select File *
Accepts up to 1MB
Column order should not be changed
First Name and Last Name are compulsory
All date fields should be in YYYY-MM-DD format
If gender is specified, value should be either...</msg>
<status status="PASS" starttime="20190406 22:38:28.843" endtime="20190406 22:38:28.925"></status>
</kw>
<kw name="Log To Console" library="BuiltIn">
<doc>Logs the given message to the console.</doc>
<arguments>
<arg>${DataImp}</arg>
</arguments>
<status status="PASS" starttime="20190406 22:38:28.926" endtime="20190406 22:38:28.928"></status>
</kw>
<kw name="Click Element" library="SeleniumLibrary">
<doc>Click element identified by ``locator``.</doc>
<arguments>
<arg>xpath=//input[@value='Upload']</arg>
</arguments>
<msg timestamp="20190406 22:38:28.932" level="INFO">Clicking element 'xpath=//input[@value='Upload']'.</msg>
<status status="PASS" starttime="20190406 22:38:28.931" endtime="20190406 22:38:30.547"></status>
</kw>
<status status="PASS" starttime="20190406 22:38:15.490" endtime="20190406 22:38:30.548" critical="yes"></status>
</test>
<test id="s1-s1-t13" name="Reporting Methods">
<kw name="Mouse Over" library="SeleniumLibrary">
<doc>Simulates hovering mouse over the element ``locator``.</doc>
<arguments>
<arg>xpath=//a[@id='menu_pim_viewPimModule']</arg>
</arguments>
<msg timestamp="20190406 22:38:30.552" level="INFO">Simulating Mouse Over on element 'xpath=//a[@id='menu_pim_viewPimModule']'.</msg>
<status status="PASS" starttime="20190406 22:38:30.551" endtime="20190406 22:38:30.615"></status>
</kw>
<kw name="Sleep" library="BuiltIn">
<doc>Pauses the test executed for the given time.</doc>
<arguments>
<arg>3</arg>
</arguments>
<msg timestamp="20190406 22:38:33.619" level="INFO">Slept 3 seconds</msg>
<status status="PASS" starttime="20190406 22:38:30.617" endtime="20190406 22:38:33.619"></status>
</kw>
<kw name="Mouse Over" library="SeleniumLibrary">
<doc>Simulates hovering mouse over the element ``locator``.</doc>
<arguments>
<arg>xpath=//a[@id='menu_pim_Configuration']</arg>
</arguments>
<msg timestamp="20190406 22:38:33.620" level="INFO">Simulating Mouse Over on element 'xpath=//a[@id='menu_pim_Configuration']'.</msg>
<status status="PASS" starttime="20190406 22:38:33.619" endtime="20190406 22:38:33.674"></status>
</kw>
<kw name="Sleep" library="BuiltIn">
<doc>Pauses the test executed for the given time.</doc>
<arguments>
<arg>3</arg>
</arguments>
<msg timestamp="20190406 22:38:36.678" level="INFO">Slept 3 seconds</msg>
<status status="PASS" starttime="20190406 22:38:33.676" endtime="20190406 22:38:36.679"></status>
</kw>
<kw name="Mouse Over" library="SeleniumLibrary">
<doc>Simulates hovering mouse over the element ``locator``.</doc>
<arguments>
<arg>xpath=//a[@id='menu_pim_viewReportingMethods']</arg>
</arguments>
<msg timestamp="20190406 22:38:36.682" level="INFO">Simulating Mouse Over on element 'xpath=//a[@id='menu_pim_viewReportingMethods']'.</msg>
<status status="PASS" starttime="20190406 22:38:36.680" endtime="20190406 22:38:36.736"></status>
</kw>
<kw name="Sleep" library="BuiltIn">
<doc>Pauses the test executed for the given time.</doc>
<arguments>
<arg>3</arg>
</arguments>
<msg timestamp="20190406 22:38:39.739" level="INFO">Slept 3 seconds</msg>
<status status="PASS" starttime="20190406 22:38:36.737" endtime="20190406 22:38:39.739"></status>
</kw>
<kw name="Click Element" library="SeleniumLibrary">
<doc>Click element identified by ``locator``.</doc>
<arguments>
<arg>xpath=//a[@id='menu_pim_viewReportingMethods']</arg>
</arguments>
<msg timestamp="20190406 22:38:39.741" level="INFO">Clicking element 'xpath=//a[@id='menu_pim_viewReportingMethods']'.</msg>
<status status="PASS" starttime="20190406 22:38:39.740" endtime="20190406 22:38:41.541"></status>
</kw>
<kw name="Click Element" library="SeleniumLibrary">
<doc>Click element identified by ``locator``.</doc>
<arguments>
<arg>xpath=//input[@id='btnAdd']</arg>
</arguments>
<msg timestamp="20190406 22:38:41.542" level="INFO">Clicking element 'xpath=//input[@id='btnAdd']'.</msg>
<status status="PASS" starttime="20190406 22:38:41.542" endtime="20190406 22:38:41.690"></status>
</kw>
<kw name="Input Text" library="SeleniumLibrary">
<doc>Types the given ``text`` into text field identified by ``locator``.</doc>
<arguments>
<arg>xpath=//input[@id='reportingMethod_name']</arg>
<arg>LovelyOne</arg>
</arguments>
<msg timestamp="20190406 22:38:41.692" level="INFO">Typing text 'LovelyOne' into text field 'xpath=//input[@id='reportingMethod_name']'.</msg>
<status status="PASS" starttime="20190406 22:38:41.691" endtime="20190406 22:38:42.107"></status>
</kw>
<kw name="Click Element" library="SeleniumLibrary">
<doc>Click element identified by ``locator``.</doc>
<arguments>
<arg>xpath=//input[@id='btnSave']</arg>
</arguments>
<msg timestamp="20190406 22:38:42.109" level="INFO">Clicking element 'xpath=//input[@id='btnSave']'.</msg>
<status status="PASS" starttime="20190406 22:38:42.108" endtime="20190406 22:38:43.876"></status>
</kw>
<status status="PASS" starttime="20190406 22:38:30.549" endtime="20190406 22:38:43.876" critical="yes"></status>
</test>
<test id="s1-s1-t14" name="Termination Resource">
<kw name="Mouse Over" library="SeleniumLibrary">
<doc>Simulates hovering mouse over the element ``locator``.</doc>
<arguments>
<arg>xpath=//a[@id='menu_pim_viewPimModule']</arg>
</arguments>
<msg timestamp="20190406 22:38:43.881" level="INFO">Simulating Mouse Over on element 'xpath=//a[@id='menu_pim_viewPimModule']'.</msg>
<status status="PASS" starttime="20190406 22:38:43.879" endtime="20190406 22:38:43.947"></status>
</kw>
<kw name="Sleep" library="BuiltIn">
<doc>Pauses the test executed for the given time.</doc>
<arguments>
<arg>3</arg>
</arguments>
<msg timestamp="20190406 22:38:46.949" level="INFO">Slept 3 seconds</msg>
<status status="PASS" starttime="20190406 22:38:43.948" endtime="20190406 22:38:46.950"></status>
</kw>
<kw name="Mouse Over" library="SeleniumLibrary">
<doc>Simulates hovering mouse over the element ``locator``.</doc>
<arguments>
<arg>xpath=//a[@id='menu_pim_Configuration']</arg>
</arguments>
<msg timestamp="20190406 22:38:46.952" level="INFO">Simulating Mouse Over on element 'xpath=//a[@id='menu_pim_Configuration']'.</msg>
<status status="PASS" starttime="20190406 22:38:46.951" endtime="20190406 22:38:47.008"></status>
</kw>
<kw name="Sleep" library="BuiltIn">
<doc>Pauses the test executed for the given time.</doc>
<arguments>
<arg>3</arg>
</arguments>
<msg timestamp="20190406 22:38:50.012" level="INFO">Slept 3 seconds</msg>
<status status="PASS" starttime="20190406 22:38:47.010" endtime="20190406 22:38:50.012"></status>
</kw>
<kw name="Click Element" library="SeleniumLibrary">
<doc>Click element identified by ``locator``.</doc>
<arguments>
<arg>xpath=//input[@id='btnAdd']</arg>
</arguments>
<msg timestamp="20190406 22:38:50.013" level="INFO">Clicking element 'xpath=//input[@id='btnAdd']'.</msg>
<kw name="Capture Page Screenshot" library="SeleniumLibrary">
<doc>Takes screenshot of the current page and embeds it into log file.</doc>
<msg timestamp="20190406 22:38:50.926" level="INFO" html="yes">&lt;/td&gt;&lt;/tr&gt;&lt;tr&gt;&lt;td colspan="3"&gt;&lt;a href="selenium-screenshot-5.png"&gt;&lt;img src="selenium-screenshot-5.png" width="800px"&gt;&lt;/a&gt;</msg>
<status status="PASS" starttime="20190406 22:38:50.087" endtime="20190406 22:38:50.926"></status>
</kw>
<msg timestamp="20190406 22:38:50.934" level="FAIL">WebDriverException: Message: unknown error: Element &lt;input type="button" class="addbutton" id="btnAdd" value="Add"&gt; is not clickable at point (69, 258). Other element would receive the click: &lt;a href="/index.php/pim/viewReportingMethods" id="menu_pim_viewReportingMethods"&gt;...&lt;/a&gt;
  (Session info: chrome=73.0.3683.86)
  (Driver info: chromedriver=2.36.540469 (1881fd7f8641508feb5166b7cae561d87723cfa8),platform=Mac OS X 10.12.6 x86_64)
</msg>
<status status="FAIL" starttime="20190406 22:38:50.013" endtime="20190406 22:38:50.934"></status>
</kw>
<status status="FAIL" starttime="20190406 22:38:43.878" endtime="20190406 22:38:50.935" critical="yes">WebDriverException: Message: unknown error: Element &lt;input type="button" class="addbutton" id="btnAdd" value="Add"&gt; is not clickable at point (69, 258). Other element would receive the click: &lt;a href="/index.php/pim/viewReportingMethods" id="menu_pim_viewReportingMethods"&gt;...&lt;/a&gt;
  (Session info: chrome=73.0.3683.86)
  (Driver info: chromedriver=2.36.540469 (1881fd7f8641508feb5166b7cae561d87723cfa8),platform=Mac OS X 10.12.6 x86_64)
</status>
</test>
<test id="s1-s1-t15" name="Employee List">
<kw name="Mouse Over" library="SeleniumLibrary">
<doc>Simulates hovering mouse over the element ``locator``.</doc>
<arguments>
<arg>xpath=//a[@id='menu_pim_viewPimModule']</arg>
</arguments>
<msg timestamp="20190406 22:38:50.940" level="INFO">Simulating Mouse Over on element 'xpath=//a[@id='menu_pim_viewPimModule']'.</msg>
<status status="PASS" starttime="20190406 22:38:50.939" endtime="20190406 22:38:50.999"></status>
</kw>
<kw name="Sleep" library="BuiltIn">
<doc>Pauses the test executed for the given time.</doc>
<arguments>
<arg>3</arg>
</arguments>
<msg timestamp="20190406 22:38:54.002" level="INFO">Slept 3 seconds</msg>
<status status="PASS" starttime="20190406 22:38:51.000" endtime="20190406 22:38:54.003"></status>
</kw>
<kw name="Click Element" library="SeleniumLibrary">
<doc>Click element identified by ``locator``.</doc>
<arguments>
<arg>xpath=//a[@id='menu_pim_viewEmployeeList']</arg>
</arguments>
<msg timestamp="20190406 22:38:54.005" level="INFO">Clicking element 'xpath=//a[@id='menu_pim_viewEmployeeList']'.</msg>
<status status="PASS" starttime="20190406 22:38:54.003" endtime="20190406 22:38:56.839"></status>
</kw>
<kw name="Select From List By Value" library="SeleniumLibrary">
<doc>Selects options from selection list ``locator`` by ``values``.</doc>
<arguments>
<arg>xpath=//select[@id='empsearch_employee_status']</arg>
<arg>5</arg>
</arguments>
<msg timestamp="20190406 22:38:56.840" level="INFO">Selecting options from selection list 'xpath=//select[@id='empsearch_employee_status']' by value 5.</msg>
<status status="PASS" starttime="20190406 22:38:56.839" endtime="20190406 22:38:57.073"></status>
</kw>
<kw name="Select From List By Value" library="SeleniumLibrary">
<doc>Selects options from selection list ``locator`` by ``values``.</doc>
<arguments>
<arg>xpath=//select[@id='empsearch_termination']</arg>
<arg>1</arg>
</arguments>
<msg timestamp="20190406 22:38:57.074" level="INFO">Selecting options from selection list 'xpath=//select[@id='empsearch_termination']' by value 1.</msg>
<status status="PASS" starttime="20190406 22:38:57.073" endtime="20190406 22:38:57.205"></status>
</kw>
<kw name="Click Element" library="SeleniumLibrary">
<doc>Click element identified by ``locator``.</doc>
<arguments>
<arg>xpath=//input[@id='searchBtn']</arg>
</arguments>
<msg timestamp="20190406 22:38:57.207" level="INFO">Clicking element 'xpath=//input[@id='searchBtn']'.</msg>
<status status="PASS" starttime="20190406 22:38:57.206" endtime="20190406 22:38:58.266"></status>
</kw>
<kw name="Sleep" library="BuiltIn">
<doc>Pauses the test executed for the given time.</doc>
<arguments>
<arg>3</arg>
</arguments>
<msg timestamp="20190406 22:39:01.268" level="INFO">Slept 3 seconds</msg>
<status status="PASS" starttime="20190406 22:38:58.267" endtime="20190406 22:39:01.269"></status>
</kw>
<kw name="Get Text" library="SeleniumLibrary">
<doc>Returns the text value of element identified by ``locator``.</doc>
<arguments>
<arg>xpath=//form[@name='frmList_ohrmListComponent']</arg>
</arguments>
<assign>
<var>${Whoe}</var>
</assign>
<msg timestamp="20190406 22:39:01.367" level="INFO">${Whoe} = Id First (&amp; Middle) Name Last Name Job Title Employment Status Sub Unit Supervisor
No Records Found</msg>
<status status="PASS" starttime="20190406 22:39:01.269" endtime="20190406 22:39:01.367"></status>
</kw>
<kw name="Log To Console" library="BuiltIn">
<doc>Logs the given message to the console.</doc>
<arguments>
<arg>${Whoe}</arg>
</arguments>
<status status="PASS" starttime="20190406 22:39:01.367" endtime="20190406 22:39:01.368"></status>
</kw>
<status status="PASS" starttime="20190406 22:38:50.937" endtime="20190406 22:39:01.368" critical="yes"></status>
</test>
<test id="s1-s1-t16" name="Add Employee">
<kw name="Mouse Over" library="SeleniumLibrary">
<doc>Simulates hovering mouse over the element ``locator``.</doc>
<arguments>
<arg>xpath=//a[@id='menu_pim_viewPimModule']</arg>
</arguments>
<msg timestamp="20190406 22:39:01.372" level="INFO">Simulating Mouse Over on element 'xpath=//a[@id='menu_pim_viewPimModule']'.</msg>
<status status="PASS" starttime="20190406 22:39:01.371" endtime="20190406 22:39:01.476"></status>
</kw>
<kw name="Sleep" library="BuiltIn">
<doc>Pauses the test executed for the given time.</doc>
<arguments>
<arg>3</arg>
</arguments>
<msg timestamp="20190406 22:39:04.480" level="INFO">Slept 3 seconds</msg>
<status status="PASS" starttime="20190406 22:39:01.477" endtime="20190406 22:39:04.480"></status>
</kw>
<kw name="Click Element" library="SeleniumLibrary">
<doc>Click element identified by ``locator``.</doc>
<arguments>
<arg>xpath=//a[@id='menu_pim_addEmployee']</arg>
</arguments>
<msg timestamp="20190406 22:39:04.483" level="INFO">Clicking element 'xpath=//a[@id='menu_pim_addEmployee']'.</msg>
<status status="PASS" starttime="20190406 22:39:04.481" endtime="20190406 22:39:06.200"></status>
</kw>
<kw name="Input Text" library="SeleniumLibrary">
<doc>Types the given ``text`` into text field identified by ``locator``.</doc>
<arguments>
<arg>xpath=//input[@id='firstName']</arg>
<arg>SriHari</arg>
</arguments>
<msg timestamp="20190406 22:39:06.202" level="INFO">Typing text 'SriHari' into text field 'xpath=//input[@id='firstName']'.</msg>
<status status="PASS" starttime="20190406 22:39:06.201" endtime="20190406 22:39:06.503"></status>
</kw>
<kw name="Input Text" library="SeleniumLibrary">
<doc>Types the given ``text`` into text field identified by ``locator``.</doc>
<arguments>
<arg>xpath=//input[@id='middleName']</arg>
<arg>Naidu</arg>
</arguments>
<msg timestamp="20190406 22:39:06.505" level="INFO">Typing text 'Naidu' into text field 'xpath=//input[@id='middleName']'.</msg>
<status status="PASS" starttime="20190406 22:39:06.504" endtime="20190406 22:39:06.841"></status>
</kw>
<kw name="Input Text" library="SeleniumLibrary">
<doc>Types the given ``text`` into text field identified by ``locator``.</doc>
<arguments>
<arg>xpath=//input[@id='lastName']</arg>
<arg>Pudu</arg>
</arguments>
<msg timestamp="20190406 22:39:06.842" level="INFO">Typing text 'Pudu' into text field 'xpath=//input[@id='lastName']'.</msg>
<status status="PASS" starttime="20190406 22:39:06.841" endtime="20190406 22:39:07.177"></status>
</kw>
<kw name="Click Element" library="SeleniumLibrary">
<doc>Click element identified by ``locator``.</doc>
<arguments>
<arg>xpath=//input[@id='btnSave']</arg>
</arguments>
<msg timestamp="20190406 22:39:07.179" level="INFO">Clicking element 'xpath=//input[@id='btnSave']'.</msg>
<status status="PASS" starttime="20190406 22:39:07.178" endtime="20190406 22:39:09.954"></status>
</kw>
<kw name="Get Text" library="SeleniumLibrary">
<doc>Returns the text value of element identified by ``locator``.</doc>
<arguments>
<arg>xpath=//ul[@id='sidenav']</arg>
</arguments>
<assign>
<var>${GrabProfileDetails}</var>
</assign>
<msg timestamp="20190406 22:39:10.077" level="INFO">${GrabProfileDetails} = Personal Details
Contact Details
Emergency Contacts
Dependents
Immigration
Job
Salary
Report-to
Qualifications
Memberships</msg>
<status status="PASS" starttime="20190406 22:39:09.955" endtime="20190406 22:39:10.077"></status>
</kw>
<kw name="Log To Console" library="BuiltIn">
<doc>Logs the given message to the console.</doc>
<arguments>
<arg>The list of options in profile page is:${GrabProfileDetails}</arg>
</arguments>
<status status="PASS" starttime="20190406 22:39:10.077" endtime="20190406 22:39:10.078"></status>
</kw>
<kw name="Get Location" library="SeleniumLibrary">
<doc>Returns the current browser URL.</doc>
<assign>
<var>${profile_url}</var>
</assign>
<msg timestamp="20190406 22:39:10.090" level="INFO">${profile_url} = https://opensource-demo.orangehrmlive.com/index.php/pim/viewPersonalDetails/empNumber/0313</msg>
<status status="PASS" starttime="20190406 22:39:10.080" endtime="20190406 22:39:10.090"></status>
</kw>
<kw name="Log To Console" library="BuiltIn">
<doc>Logs the given message to the console.</doc>
<arguments>
<arg>The profile URl is;${profile_url}</arg>
</arguments>
<status status="PASS" starttime="20190406 22:39:10.091" endtime="20190406 22:39:10.092"></status>
</kw>
<status status="PASS" starttime="20190406 22:39:01.370" endtime="20190406 22:39:10.092" critical="yes"></status>
</test>
<test id="s1-s1-t17" name="Close connections">
<kw name="Close Browser" library="SeleniumLibrary">
<doc>Closes the current browser.</doc>
<status status="PASS" starttime="20190406 22:39:10.095" endtime="20190406 22:39:10.435"></status>
</kw>
<status status="PASS" starttime="20190406 22:39:10.093" endtime="20190406 22:39:10.435" critical="yes"></status>
</test>
<doc>Suite description</doc>
<status status="FAIL" starttime="20190406 22:37:16.247" endtime="20190406 22:39:10.441"></status>
</suite>
<suite id="s1-s2" name="Dirconary" source="/Users/reenupanwar/PycharmProjects/RobotFrameJenkins/Tests/Dirconary.robot">
<test id="s1-s2-t1" name="Valid Login User">
<kw name="Open Browser and navigate to URL" library="KeywordsPage">
<kw name="Open Browser" library="SeleniumLibrary">
<doc>Opens a new browser instance to the given ``url``.</doc>
<arguments>
<arg>${URL}</arg>
<arg>${Browser}</arg>
</arguments>
<msg timestamp="20190406 22:39:10.598" level="INFO">Opening browser 'Chrome' to base url 'https://opensource-demo.orangehrmlive.com'.</msg>
<status status="PASS" starttime="20190406 22:39:10.595" endtime="20190406 22:39:22.062"></status>
</kw>
<status status="PASS" starttime="20190406 22:39:10.593" endtime="20190406 22:39:22.064"></status>
</kw>
<kw name="Enter Correct Username ans password" library="KeywordsPage">
<kw name="Input Text" library="SeleniumLibrary">
<doc>Types the given ``text`` into text field identified by ``locator``.</doc>
<arguments>
<arg>${UserName}</arg>
<arg>Admin</arg>
</arguments>
<msg timestamp="20190406 22:39:22.076" level="INFO">Typing text 'Admin' into text field 'id=txtUsername'.</msg>
<status status="PASS" starttime="20190406 22:39:22.073" endtime="20190406 22:39:22.542"></status>
</kw>
<kw name="Input Text" library="SeleniumLibrary">
<doc>Types the given ``text`` into text field identified by ``locator``.</doc>
<arguments>
<arg>${Password}</arg>
<arg>admin123</arg>
</arguments>
<msg timestamp="20190406 22:39:22.544" level="INFO">Typing text 'admin123' into text field 'id=txtPassword'.</msg>
<status status="PASS" starttime="20190406 22:39:22.543" endtime="20190406 22:39:22.866"></status>
</kw>
<kw name="Click Button" library="SeleniumLibrary">
<doc>Clicks button identified by ``locator``.</doc>
<arguments>
<arg>${Submit}</arg>
</arguments>
<msg timestamp="20190406 22:39:22.868" level="INFO">Clicking button 'id=btnLogin'.</msg>
<status status="PASS" starttime="20190406 22:39:22.867" endtime="20190406 22:39:28.331"></status>
</kw>
<status status="PASS" starttime="20190406 22:39:22.067" endtime="20190406 22:39:28.332"></status>
</kw>
<kw name="Get Title" library="SeleniumLibrary">
<doc>Returns the title of current page.</doc>
<assign>
<var>${BeforeLoginTitle}</var>
</assign>
<msg timestamp="20190406 22:39:28.347" level="INFO">${BeforeLoginTitle} = OrangeHRM</msg>
<status status="PASS" starttime="20190406 22:39:28.332" endtime="20190406 22:39:28.348"></status>
</kw>
<kw name="Log To Console" library="BuiltIn">
<doc>Logs the given message to the console.</doc>
<arguments>
<arg>Logged in successfully&amp; titie is: ${BeforeLoginTitle}</arg>
</arguments>
<status status="PASS" starttime="20190406 22:39:28.351" endtime="20190406 22:39:28.353"></status>
</kw>
<kw name="Get Location" library="SeleniumLibrary">
<doc>Returns the current browser URL.</doc>
<assign>
<var>${myurl}</var>
</assign>
<msg timestamp="20190406 22:39:28.405" level="INFO">${myurl} = https://opensource-demo.orangehrmlive.com/index.php/dashboard</msg>
<status status="PASS" starttime="20190406 22:39:28.354" endtime="20190406 22:39:28.405"></status>
</kw>
<kw name="Log To Console" library="BuiltIn">
<doc>Logs the given message to the console.</doc>
<arguments>
<arg>The URL of the webpage is: ${myurl}</arg>
</arguments>
<status status="PASS" starttime="20190406 22:39:28.406" endtime="20190406 22:39:28.408"></status>
</kw>
<kw name="Get Location" library="SeleniumLibrary">
<doc>Returns the current browser URL.</doc>
<assign>
<var>${anot}</var>
</assign>
<msg timestamp="20190406 22:39:28.426" level="INFO">${anot} = https://opensource-demo.orangehrmlive.com/index.php/dashboard</msg>
<status status="PASS" starttime="20190406 22:39:28.410" endtime="20190406 22:39:28.426"></status>
</kw>
<kw name="Log To Console" library="BuiltIn">
<doc>Logs the given message to the console.</doc>
<arguments>
<arg>The title is after login:${anot}</arg>
</arguments>
<status status="PASS" starttime="20190406 22:39:28.427" endtime="20190406 22:39:28.429"></status>
</kw>
<kw name="Sleep" library="BuiltIn">
<doc>Pauses the test executed for the given time.</doc>
<arguments>
<arg>${Speep}</arg>
</arguments>
<msg timestamp="20190406 22:39:34.433" level="INFO">Slept 6 seconds</msg>
<status status="PASS" starttime="20190406 22:39:28.430" endtime="20190406 22:39:34.434"></status>
</kw>
<kw name="Get Locations" library="SeleniumLibrary">
<doc>Returns and logs URLs of all known browser windows.</doc>
<assign>
<var>${All}</var>
</assign>
<msg timestamp="20190406 22:39:34.583" level="INFO">Altogether 1 item.
1: https://opensource-demo.orangehrmlive.com/index.php/dashboard</msg>
<msg timestamp="20190406 22:39:34.584" level="INFO">${All} = ['https://opensource-demo.orangehrmlive.com/index.php/dashboard']</msg>
<status status="PASS" starttime="20190406 22:39:34.436" endtime="20190406 22:39:34.584"></status>
</kw>
<kw name="Log To Console" library="BuiltIn">
<doc>Logs the given message to the console.</doc>
<arguments>
<arg>${All}</arg>
</arguments>
<status status="PASS" starttime="20190406 22:39:34.585" endtime="20190406 22:39:34.587"></status>
</kw>
<kw name="Get Source" library="SeleniumLibrary">
<doc>Returns the entire HTML source of the current page or frame.</doc>
<assign>
<var>${pages}</var>
</assign>
<msg timestamp="20190406 22:39:34.628" level="INFO">${pages} = &lt;!DOCTYPE html&gt;&lt;html xmlns="http://www.w3.org/1999/xhtml" xml:lang="en" lang="en"&gt;&lt;head&gt;

        &lt;title&gt;OrangeHRM&lt;/title&gt;
        
        &lt;meta http-equiv="Content-Type" content="text/html; charset=...</msg>
<status status="PASS" starttime="20190406 22:39:34.589" endtime="20190406 22:39:34.629"></status>
</kw>
<status status="PASS" starttime="20190406 22:39:10.588" endtime="20190406 22:39:34.640" critical="yes"></status>
</test>
<test id="s1-s2-t2" name="Directory Page Verification">
<kw name="Click Element" library="SeleniumLibrary">
<doc>Click element identified by ``locator``.</doc>
<arguments>
<arg>${dict}</arg>
</arguments>
<msg timestamp="20190406 22:39:34.656" level="INFO">Clicking element 'xpath=//a[@id='menu_directory_viewDirectory']'.</msg>
<status status="PASS" starttime="20190406 22:39:34.651" endtime="20190406 22:39:43.478"></status>
</kw>
<kw name="Get Text" library="SeleniumLibrary">
<doc>Returns the text value of element identified by ``locator``.</doc>
<arguments>
<arg>${dict}</arg>
</arguments>
<assign>
<var>${t}</var>
</assign>
<msg timestamp="20190406 22:39:43.571" level="INFO">${t} = Directory</msg>
<status status="PASS" starttime="20190406 22:39:43.479" endtime="20190406 22:39:43.572"></status>
</kw>
<kw name="Log To Console" library="BuiltIn">
<doc>Logs the given message to the console.</doc>
<arguments>
<arg>${t}</arg>
</arguments>
<status status="PASS" starttime="20190406 22:39:43.572" endtime="20190406 22:39:43.574"></status>
</kw>
<kw name="Get Title" library="SeleniumLibrary">
<doc>Returns the title of current page.</doc>
<assign>
<var>${s}</var>
</assign>
<msg timestamp="20190406 22:39:43.587" level="INFO">${s} = OrangeHRM</msg>
<status status="PASS" starttime="20190406 22:39:43.575" endtime="20190406 22:39:43.588"></status>
</kw>
<kw name="Title Should Be" library="SeleniumLibrary">
<doc>Verifies that current page title equals ``title``.</doc>
<arguments>
<arg>OrangeHRM</arg>
</arguments>
<msg timestamp="20190406 22:39:43.604" level="INFO">Page title is 'OrangeHRM'.</msg>
<status status="PASS" starttime="20190406 22:39:43.589" endtime="20190406 22:39:43.605"></status>
</kw>
<kw name="Log To Console" library="BuiltIn">
<doc>Logs the given message to the console.</doc>
<arguments>
<arg>${s}</arg>
</arguments>
<status status="PASS" starttime="20190406 22:39:43.607" endtime="20190406 22:39:43.609"></status>
</kw>
<kw name="Get Text" library="SeleniumLibrary">
<doc>Returns the text value of element identified by ``locator``.</doc>
<arguments>
<arg>xpath=//div[@id='searchResults']</arg>
</arguments>
<assign>
<var>${SearchRes}</var>
</assign>
<msg timestamp="20190406 22:39:44.434" level="INFO">${SearchRes} = 1-50 of 237
First
Previous
1
2
3
4
5
Next
Last
a81 1232
a81 1232
a81 1232
a81 1232
Linda Anderson
HR Manager (Deleted)
Texas R&amp;D
April05 Middle April05Last
satish ad atyamd
satish1 ad atyamd
roopasri ...</msg>
<status status="PASS" starttime="20190406 22:39:43.611" endtime="20190406 22:39:44.434"></status>
</kw>
<kw name="Page Should Contain" library="SeleniumLibrary">
<doc>Verifies that current page contains ``text``.</doc>
<arguments>
<arg>Linda Anderson</arg>
</arguments>
<msg timestamp="20190406 22:39:44.498" level="INFO">Current page contains text 'Linda Anderson'.</msg>
<status status="PASS" starttime="20190406 22:39:44.436" endtime="20190406 22:39:44.499"></status>
</kw>
<kw name="Log To Console" library="BuiltIn">
<doc>Logs the given message to the console.</doc>
<arguments>
<arg>${SearchRes}</arg>
</arguments>
<status status="PASS" starttime="20190406 22:39:44.500" endtime="20190406 22:39:44.501"></status>
</kw>
<status status="PASS" starttime="20190406 22:39:34.646" endtime="20190406 22:39:44.502" critical="yes"></status>
</test>
<test id="s1-s2-t3" name="Search Page results on Directory Page">
<kw name="Input Text" library="SeleniumLibrary">
<doc>Types the given ``text`` into text field identified by ``locator``.</doc>
<arguments>
<arg>${Sea}</arg>
<arg>Linda Anderson</arg>
</arguments>
<msg timestamp="20190406 22:39:44.514" level="INFO">Typing text 'Linda Anderson' into text field 'xpath=//input[@id='searchDirectory_emp_name_empName']'.</msg>
<status status="PASS" starttime="20190406 22:39:44.511" endtime="20190406 22:39:45.253"></status>
</kw>
<kw name="Sleep" library="BuiltIn">
<doc>Pauses the test executed for the given time.</doc>
<arguments>
<arg>3</arg>
</arguments>
<msg timestamp="20190406 22:39:48.259" level="INFO">Slept 3 seconds</msg>
<status status="PASS" starttime="20190406 22:39:45.255" endtime="20190406 22:39:48.259"></status>
</kw>
<kw name="Select From List By Value" library="SeleniumLibrary">
<doc>Selects options from selection list ``locator`` by ``values``.</doc>
<arguments>
<arg>${JobTitle}</arg>
<arg>4</arg>
</arguments>
<msg timestamp="20190406 22:39:48.261" level="INFO">Selecting options from selection list 'xpath=//select[@id='searchDirectory_job_title']' by value 4.</msg>
<status status="PASS" starttime="20190406 22:39:48.260" endtime="20190406 22:39:48.489"></status>
</kw>
<kw name="Click Element" library="SeleniumLibrary">
<doc>Click element identified by ``locator``.</doc>
<arguments>
<arg>${UserSearch}</arg>
</arguments>
<msg timestamp="20190406 22:39:48.490" level="INFO">Clicking element 'xpath=//input[@id='searchBtn']'.</msg>
<status status="PASS" starttime="20190406 22:39:48.489" endtime="20190406 22:39:50.193"></status>
</kw>
<kw name="Page Should Contain" library="SeleniumLibrary">
<doc>Verifies that current page contains ``text``.</doc>
<arguments>
<arg>Linda Anderson</arg>
</arguments>
<msg timestamp="20190406 22:39:50.264" level="INFO">Current page contains text 'Linda Anderson'.</msg>
<status status="PASS" starttime="20190406 22:39:50.194" endtime="20190406 22:39:50.264"></status>
</kw>
<status status="PASS" starttime="20190406 22:39:44.505" endtime="20190406 22:39:50.265" critical="yes"></status>
</test>
<test id="s1-s2-t4" name="Select Location Page">
<kw name="Select From List By Value" library="SeleniumLibrary">
<doc>Selects options from selection list ``locator`` by ``values``.</doc>
<arguments>
<arg>xpath=//select[@id='searchDirectory_location']</arg>
<arg>3</arg>
</arguments>
<msg timestamp="20190406 22:39:50.271" level="INFO">Selecting options from selection list 'xpath=//select[@id='searchDirectory_location']' by value 3.</msg>
<status status="PASS" starttime="20190406 22:39:50.270" endtime="20190406 22:39:50.538"></status>
</kw>
<kw name="Click Element" library="SeleniumLibrary">
<doc>Click element identified by ``locator``.</doc>
<arguments>
<arg>xpath=//input[@id='searchBtn']</arg>
</arguments>
<msg timestamp="20190406 22:39:50.540" level="INFO">Clicking element 'xpath=//input[@id='searchBtn']'.</msg>
<status status="PASS" starttime="20190406 22:39:50.539" endtime="20190406 22:39:51.835"></status>
</kw>
<kw name="click reset search page">
<kw name="Click Element" library="SeleniumLibrary">
<doc>Click element identified by ``locator``.</doc>
<arguments>
<arg>${Reset}</arg>
</arguments>
<msg timestamp="20190406 22:39:51.838" level="INFO">Clicking element 'xpath=//input[@id='resetBtn']'.</msg>
<status status="PASS" starttime="20190406 22:39:51.838" endtime="20190406 22:39:59.774"></status>
</kw>
<status status="PASS" starttime="20190406 22:39:51.836" endtime="20190406 22:39:59.775"></status>
</kw>
<kw name="Get Location" library="SeleniumLibrary">
<doc>Returns the current browser URL.</doc>
<assign>
<var>${loc}</var>
</assign>
<msg timestamp="20190406 22:39:59.787" level="INFO">${loc} = https://opensource-demo.orangehrmlive.com/index.php/directory/viewDirectory</msg>
<status status="PASS" starttime="20190406 22:39:59.775" endtime="20190406 22:39:59.787"></status>
</kw>
<kw name="Log To Console" library="BuiltIn">
<doc>Logs the given message to the console.</doc>
<arguments>
<arg>${loc}</arg>
</arguments>
<status status="PASS" starttime="20190406 22:39:59.789" endtime="20190406 22:39:59.792"></status>
</kw>
<status status="PASS" starttime="20190406 22:39:50.267" endtime="20190406 22:39:59.794" critical="yes"></status>
</test>
<test id="s1-s2-t5" name="Account clerk Search Page results">
<kw name="Input Text" library="SeleniumLibrary">
<doc>Types the given ``text`` into text field identified by ``locator``.</doc>
<arguments>
<arg>${Sea}</arg>
<arg>Jasmine Morgan</arg>
</arguments>
<msg timestamp="20190406 22:39:59.810" level="INFO">Typing text 'Jasmine Morgan' into text field 'xpath=//input[@id='searchDirectory_emp_name_empName']'.</msg>
<status status="PASS" starttime="20190406 22:39:59.807" endtime="20190406 22:40:00.546"></status>
</kw>
[...]
</kw>
<kw name="Sleep" library="BuiltIn">
<doc>Pauses the test executed for the given time.</doc>
<arguments>
<arg>3</arg>
</arguments>
<msg timestamp="20190406 22:41:47.181" level="INFO">Slept 3 seconds</msg>
<status status="PASS" starttime="20190406 22:41:44.178" endtime="20190406 22:41:47.181"></status>
</kw>
<kw name="Choose File" library="SeleniumLibrary">
<doc>Inputs the ``file_path`` into file input field ``locator``.</doc>
<arguments>
<arg>xpath=//input[@id='pimCsvImport_csvFile']</arg>
<arg>/Users/reenupanwar/Downloads/testdata.csv</arg>
</arguments>
<status status="PASS" starttime="20190406 22:41:47.182" endtime="20190406 22:41:47.247"></status>
</kw>
<kw name="Sleep" library="BuiltIn">
<doc>Pauses the test executed for the given time.</doc>
<arguments>
<arg>3</arg>
</arguments>
<msg timestamp="20190406 22:41:50.251" level="INFO">Slept 3 seconds</msg>
<status status="PASS" starttime="20190406 22:41:47.248" endtime="20190406 22:41:50.251"></status>
</kw>
<kw name="Get Text" library="SeleniumLibrary">
<doc>Returns the text value of element identified by ``locator``.</doc>
<arguments>
<arg>xpath=//div[@class='inner']</arg>
</arguments>
<assign>
<var>${DataImp}</var>
</assign>
<msg timestamp="20190406 22:41:50.332" level="INFO">${DataImp} = Select File *
Accepts up to 1MB
Column order should not be changed
First Name and Last Name are compulsory
All date fields should be in YYYY-MM-DD format
If gender is specified, value should be either...</msg>
<status status="PASS" starttime="20190406 22:41:50.252" endtime="20190406 22:41:50.332"></status>
</kw>
<kw name="Log To Console" library="BuiltIn">
<doc>Logs the given message to the console.</doc>
<arguments>
<arg>${DataImp}</arg>
</arguments>
<status status="PASS" starttime="20190406 22:41:50.332" endtime="20190406 22:41:50.333"></status>
</kw>
<kw name="Click Element" library="SeleniumLibrary">
<doc>Click element identified by ``locator``.</doc>
<arguments>
<arg>xpath=//input[@value='Upload']</arg>
</arguments>
<msg timestamp="20190406 22:41:50.333" level="INFO">Clicking element 'xpath=//input[@value='Upload']'.</msg>
<status status="PASS" starttime="20190406 22:41:50.333" endtime="20190406 22:41:52.280"></status>
</kw>
<status status="PASS" starttime="20190406 22:41:36.620" endtime="20190406 22:41:52.281" critical="yes"></status>
</test>
<test id="s1-s4-t4" name="Reporting Methods">
<kw name="Mouse Over" library="SeleniumLibrary">
<doc>Simulates hovering mouse over the element ``locator``.</doc>
<arguments>
<arg>xpath=//a[@id='menu_pim_viewPimModule']</arg>
</arguments>
<msg timestamp="20190406 22:41:52.284" level="INFO">Simulating Mouse Over on element 'xpath=//a[@id='menu_pim_viewPimModule']'.</msg>
<status status="PASS" starttime="20190406 22:41:52.283" endtime="20190406 22:41:52.375"></status>
</kw>
<kw name="Sleep" library="BuiltIn">
<doc>Pauses the test executed for the given time.</doc>
<arguments>
<arg>3</arg>
</arguments>
<msg timestamp="20190406 22:41:55.377" level="INFO">Slept 3 seconds</msg>
<status status="PASS" starttime="20190406 22:41:52.376" endtime="20190406 22:41:55.379"></status>
</kw>
<kw name="Mouse Over" library="SeleniumLibrary">
<doc>Simulates hovering mouse over the element ``locator``.</doc>
<arguments>
<arg>xpath=//a[@id='menu_pim_Configuration']</arg>
</arguments>
<msg timestamp="20190406 22:41:55.383" level="INFO">Simulating Mouse Over on element 'xpath=//a[@id='menu_pim_Configuration']'.</msg>
<status status="PASS" starttime="20190406 22:41:55.380" endtime="20190406 22:41:55.446"></status>
</kw>
<kw name="Sleep" library="BuiltIn">
<doc>Pauses the test executed for the given time.</doc>
<arguments>
<arg>3</arg>
</arguments>
<msg timestamp="20190406 22:41:58.450" level="INFO">Slept 3 seconds</msg>
<status status="PASS" starttime="20190406 22:41:55.446" endtime="20190406 22:41:58.451"></status>
</kw>
<kw name="Mouse Over" library="SeleniumLibrary">
<doc>Simulates hovering mouse over the element ``locator``.</doc>
<arguments>
<arg>xpath=//a[@id='menu_pim_viewReportingMethods']</arg>
</arguments>
<msg timestamp="20190406 22:41:58.452" level="INFO">Simulating Mouse Over on element 'xpath=//a[@id='menu_pim_viewReportingMethods']'.</msg>
<status status="PASS" starttime="20190406 22:41:58.452" endtime="20190406 22:41:58.509"></status>
</kw>
<kw name="Sleep" library="BuiltIn">
<doc>Pauses the test executed for the given time.</doc>
<arguments>
<arg>3</arg>
</arguments>
<msg timestamp="20190406 22:42:01.511" level="INFO">Slept 3 seconds</msg>
<status status="PASS" starttime="20190406 22:41:58.510" endtime="20190406 22:42:01.511"></status>
</kw>
<kw name="Click Element" library="SeleniumLibrary">
<doc>Click element identified by ``locator``.</doc>
<arguments>
<arg>xpath=//a[@id='menu_pim_viewReportingMethods']</arg>
</arguments>
<msg timestamp="20190406 22:42:01.513" level="INFO">Clicking element 'xpath=//a[@id='menu_pim_viewReportingMethods']'.</msg>
<status status="PASS" starttime="20190406 22:42:01.512" endtime="20190406 22:42:03.437"></status>
</kw>
<kw name="Click Element" library="SeleniumLibrary">
<doc>Click element identified by ``locator``.</doc>
<arguments>
<arg>xpath=//input[@id='btnAdd']</arg>
</arguments>
<msg timestamp="20190406 22:42:03.439" level="INFO">Clicking element 'xpath=//input[@id='btnAdd']'.</msg>
<status status="PASS" starttime="20190406 22:42:03.438" endtime="20190406 22:42:03.588"></status>
</kw>
<kw name="Input Text" library="SeleniumLibrary">
<doc>Types the given ``text`` into text field identified by ``locator``.</doc>
<arguments>
<arg>xpath=//input[@id='reportingMethod_name']</arg>
<arg>LovelyOne</arg>
</arguments>
<msg timestamp="20190406 22:42:03.589" level="INFO">Typing text 'LovelyOne' into text field 'xpath=//input[@id='reportingMethod_name']'.</msg>
<status status="PASS" starttime="20190406 22:42:03.588" endtime="20190406 22:42:03.826"></status>
</kw>
<kw name="Click Element" library="SeleniumLibrary">
<doc>Click element identified by ``locator``.</doc>
<arguments>
<arg>xpath=//input[@id='btnSave']</arg>
</arguments>
<msg timestamp="20190406 22:42:03.829" level="INFO">Clicking element 'xpath=//input[@id='btnSave']'.</msg>
<status status="PASS" starttime="20190406 22:42:03.827" endtime="20190406 22:42:05.682"></status>
</kw>
<status status="PASS" starttime="20190406 22:41:52.282" endtime="20190406 22:42:05.682" critical="yes"></status>
</test>
<test id="s1-s4-t5" name="Termination Resource">
<kw name="Mouse Over" library="SeleniumLibrary">
<doc>Simulates hovering mouse over the element ``locator``.</doc>
<arguments>
<arg>xpath=//a[@id='menu_pim_viewPimModule']</arg>
</arguments>
<msg timestamp="20190406 22:42:05.688" level="INFO">Simulating Mouse Over on element 'xpath=//a[@id='menu_pim_viewPimModule']'.</msg>
<status status="PASS" starttime="20190406 22:42:05.687" endtime="20190406 22:42:05.755"></status>
</kw>
<kw name="Sleep" library="BuiltIn">
<doc>Pauses the test executed for the given time.</doc>
<arguments>
<arg>3</arg>
</arguments>
<msg timestamp="20190406 22:42:08.758" level="INFO">Slept 3 seconds</msg>
<status status="PASS" starttime="20190406 22:42:05.755" endtime="20190406 22:42:08.759"></status>
</kw>
<kw name="Mouse Over" library="SeleniumLibrary">
<doc>Simulates hovering mouse over the element ``locator``.</doc>
<arguments>
<arg>xpath=//a[@id='menu_pim_Configuration']</arg>
</arguments>
<msg timestamp="20190406 22:42:08.761" level="INFO">Simulating Mouse Over on element 'xpath=//a[@id='menu_pim_Configuration']'.</msg>
<status status="PASS" starttime="20190406 22:42:08.760" endtime="20190406 22:42:08.823"></status>
</kw>
<kw name="Sleep" library="BuiltIn">
<doc>Pauses the test executed for the given time.</doc>
<arguments>
<arg>3</arg>
</arguments>
<msg timestamp="20190406 22:42:11.825" level="INFO">Slept 3 seconds</msg>
<status status="PASS" starttime="20190406 22:42:08.823" endtime="20190406 22:42:11.826"></status>
</kw>
<kw name="Click Element" library="SeleniumLibrary">
<doc>Click element identified by ``locator``.</doc>
<arguments>
<arg>xpath=//input[@id='btnAdd']</arg>
</arguments>
<msg timestamp="20190406 22:42:11.827" level="INFO">Clicking element 'xpath=//input[@id='btnAdd']'.</msg>
<kw name="Capture Page Screenshot" library="SeleniumLibrary">
<doc>Takes screenshot of the current page and embeds it into log file.</doc>
<msg timestamp="20190406 22:42:12.882" level="INFO" html="yes">&lt;/td&gt;&lt;/tr&gt;&lt;tr&gt;&lt;td colspan="3"&gt;&lt;a href="selenium-screenshot-9.png"&gt;&lt;img src="selenium-screenshot-9.png" width="800px"&gt;&lt;/a&gt;</msg>
<status status="PASS" starttime="20190406 22:42:11.898" endtime="20190406 22:42:12.883"></status>
</kw>
<msg timestamp="20190406 22:42:12.910" level="FAIL">WebDriverException: Message: unknown error: Element &lt;input type="button" class="addbutton" id="btnAdd" value="Add"&gt; is not clickable at point (69, 258). Other element would receive the click: &lt;a href="/index.php/pim/viewReportingMethods" id="menu_pim_viewReportingMethods"&gt;...&lt;/a&gt;
  (Session info: chrome=73.0.3683.86)
  (Driver info: chromedriver=2.36.540469 (1881fd7f8641508feb5166b7cae561d87723cfa8),platform=Mac OS X 10.12.6 x86_64)
</msg>
<status status="FAIL" starttime="20190406 22:42:11.826" endtime="20190406 22:42:12.913"></status>
</kw>
<status status="FAIL" starttime="20190406 22:42:05.684" endtime="20190406 22:42:12.917" critical="yes">WebDriverException: Message: unknown error: Element &lt;input type="button" class="addbutton" id="btnAdd" value="Add"&gt; is not clickable at point (69, 258). Other element would receive the click: &lt;a href="/index.php/pim/viewReportingMethods" id="menu_pim_viewReportingMethods"&gt;...&lt;/a&gt;
  (Session info: chrome=73.0.3683.86)
  (Driver info: chromedriver=2.36.540469 (1881fd7f8641508feb5166b7cae561d87723cfa8),platform=Mac OS X 10.12.6 x86_64)
</status>
</test>
<test id="s1-s4-t6" name="Employee List">
<kw name="Mouse Over" library="SeleniumLibrary">
<doc>Simulates hovering mouse over the element ``locator``.</doc>
<arguments>
<arg>xpath=//a[@id='menu_pim_viewPimModule']</arg>
</arguments>
<msg timestamp="20190406 22:42:12.946" level="INFO">Simulating Mouse Over on element 'xpath=//a[@id='menu_pim_viewPimModule']'.</msg>
<status status="PASS" starttime="20190406 22:42:12.945" endtime="20190406 22:42:13.049"></status>
</kw>
<kw name="Sleep" library="BuiltIn">
<doc>Pauses the test executed for the given time.</doc>
<arguments>
<arg>3</arg>
</arguments>
<msg timestamp="20190406 22:42:16.053" level="INFO">Slept 3 seconds</msg>
<status status="PASS" starttime="20190406 22:42:13.051" endtime="20190406 22:42:16.054"></status>
</kw>
<kw name="Click Element" library="SeleniumLibrary">
<doc>Click element identified by ``locator``.</doc>
<arguments>
<arg>xpath=//a[@id='menu_pim_viewEmployeeList']</arg>
</arguments>
<msg timestamp="20190406 22:42:16.055" level="INFO">Clicking element 'xpath=//a[@id='menu_pim_viewEmployeeList']'.</msg>
<status status="PASS" starttime="20190406 22:42:16.054" endtime="20190406 22:42:18.936"></status>
</kw>
<kw name="Select From List By Value" library="SeleniumLibrary">
<doc>Selects options from selection list ``locator`` by ``values``.</doc>
<arguments>
<arg>xpath=//select[@id='empsearch_employee_status']</arg>
<arg>5</arg>
</arguments>
<msg timestamp="20190406 22:42:18.938" level="INFO">Selecting options from selection list 'xpath=//select[@id='empsearch_employee_status']' by value 5.</msg>
<status status="PASS" starttime="20190406 22:42:18.937" endtime="20190406 22:42:19.143"></status>
</kw>
<kw name="Select From List By Value" library="SeleniumLibrary">
<doc>Selects options from selection list ``locator`` by ``values``.</doc>
<arguments>
<arg>xpath=//select[@id='empsearch_termination']</arg>
<arg>1</arg>
</arguments>
<msg timestamp="20190406 22:42:19.144" level="INFO">Selecting options from selection list 'xpath=//select[@id='empsearch_termination']' by value 1.</msg>
<status status="PASS" starttime="20190406 22:42:19.143" endtime="20190406 22:42:19.315"></status>
</kw>
<kw name="Click Element" library="SeleniumLibrary">
<doc>Click element identified by ``locator``.</doc>
<arguments>
<arg>xpath=//input[@id='searchBtn']</arg>
</arguments>
<msg timestamp="20190406 22:42:19.318" level="INFO">Clicking element 'xpath=//input[@id='searchBtn']'.</msg>
<status status="PASS" starttime="20190406 22:42:19.316" endtime="20190406 22:42:20.426"></status>
</kw>
<kw name="Sleep" library="BuiltIn">
<doc>Pauses the test executed for the given time.</doc>
<arguments>
<arg>3</arg>
</arguments>
<msg timestamp="20190406 22:42:23.429" level="INFO">Slept 3 seconds</msg>
<status status="PASS" starttime="20190406 22:42:20.427" endtime="20190406 22:42:23.429"></status>
</kw>
<kw name="Get Text" library="SeleniumLibrary">
<doc>Returns the text value of element identified by ``locator``.</doc>
<arguments>
<arg>xpath=//form[@name='frmList_ohrmListComponent']</arg>
</arguments>
<assign>
<var>${Whoe}</var>
</assign>
<msg timestamp="20190406 22:42:23.532" level="INFO">${Whoe} = Id First (&amp; Middle) Name Last Name Job Title Employment Status Sub Unit Supervisor
No Records Found</msg>
<status status="PASS" starttime="20190406 22:42:23.430" endtime="20190406 22:42:23.532"></status>
</kw>
<kw name="Log To Console" library="BuiltIn">
<doc>Logs the given message to the console.</doc>
<arguments>
<arg>${Whoe}</arg>
</arguments>
<status status="PASS" starttime="20190406 22:42:23.534" endtime="20190406 22:42:23.543"></status>
</kw>
<status status="PASS" starttime="20190406 22:42:12.942" endtime="20190406 22:42:23.545" critical="yes"></status>
</test>
<test id="s1-s4-t7" name="Add Employee">
<kw name="Mouse Over" library="SeleniumLibrary">
<doc>Simulates hovering mouse over the element ``locator``.</doc>
<arguments>
<arg>xpath=//a[@id='menu_pim_viewPimModule']</arg>
</arguments>
<msg timestamp="20190406 22:42:23.565" level="INFO">Simulating Mouse Over on element 'xpath=//a[@id='menu_pim_viewPimModule']'.</msg>
<status status="PASS" starttime="20190406 22:42:23.559" endtime="20190406 22:42:23.705"></status>
</kw>
<kw name="Sleep" library="BuiltIn">
<doc>Pauses the test executed for the given time.</doc>
<arguments>
<arg>3</arg>
</arguments>
<msg timestamp="20190406 22:42:26.709" level="INFO">Slept 3 seconds</msg>
<status status="PASS" starttime="20190406 22:42:23.706" endtime="20190406 22:42:26.710"></status>
</kw>
<kw name="Click Element" library="SeleniumLibrary">
<doc>Click element identified by ``locator``.</doc>
<arguments>
<arg>xpath=//a[@id='menu_pim_addEmployee']</arg>
</arguments>
<msg timestamp="20190406 22:42:26.713" level="INFO">Clicking element 'xpath=//a[@id='menu_pim_addEmployee']'.</msg>
<status status="PASS" starttime="20190406 22:42:26.711" endtime="20190406 22:42:28.216"></status>
</kw>
<kw name="Input Text" library="SeleniumLibrary">
<doc>Types the given ``text`` into text field identified by ``locator``.</doc>
<arguments>
<arg>xpath=//input[@id='firstName']</arg>
<arg>SriHari</arg>
</arguments>
<msg timestamp="20190406 22:42:28.220" level="INFO">Typing text 'SriHari' into text field 'xpath=//input[@id='firstName']'.</msg>
<status status="PASS" starttime="20190406 22:42:28.216" endtime="20190406 22:42:28.499"></status>
</kw>
<kw name="Input Text" library="SeleniumLibrary">
<doc>Types the given ``text`` into text field identified by ``locator``.</doc>
<arguments>
<arg>xpath=//input[@id='middleName']</arg>
<arg>Naidu</arg>
</arguments>
<msg timestamp="20190406 22:42:28.502" level="INFO">Typing text 'Naidu' into text field 'xpath=//input[@id='middleName']'.</msg>
<status status="PASS" starttime="20190406 22:42:28.500" endtime="20190406 22:42:28.923"></status>
</kw>
<kw name="Input Text" library="SeleniumLibrary">
<doc>Types the given ``text`` into text field identified by ``locator``.</doc>
<arguments>
<arg>xpath=//input[@id='lastName']</arg>
<arg>Pudu</arg>
</arguments>
<msg timestamp="20190406 22:42:28.925" level="INFO">Typing text 'Pudu' into text field 'xpath=//input[@id='lastName']'.</msg>
<status status="PASS" starttime="20190406 22:42:28.924" endtime="20190406 22:42:29.152"></status>
</kw>
<kw name="Click Element" library="SeleniumLibrary">
<doc>Click element identified by ``locator``.</doc>
<arguments>
<arg>xpath=//input[@id='btnSave']</arg>
</arguments>
<msg timestamp="20190406 22:42:29.154" level="INFO">Clicking element 'xpath=//input[@id='btnSave']'.</msg>
<status status="PASS" starttime="20190406 22:42:29.153" endtime="20190406 22:42:32.206"></status>
</kw>
<kw name="Get Text" library="SeleniumLibrary">
<doc>Returns the text value of element identified by ``locator``.</doc>
<arguments>
<arg>xpath=//ul[@id='sidenav']</arg>
</arguments>
<assign>
<var>${GrabProfileDetails}</var>
</assign>
<msg timestamp="20190406 22:42:32.398" level="INFO">${GrabProfileDetails} = Personal Details
Contact Details
Emergency Contacts
Dependents
Immigration
Job
Salary
Report-to
Qualifications
Memberships</msg>
<status status="PASS" starttime="20190406 22:42:32.209" endtime="20190406 22:42:32.399"></status>
</kw>
<kw name="Log To Console" library="BuiltIn">
<doc>Logs the given message to the console.</doc>
<arguments>
<arg>The list of options in profile page is:${GrabProfileDetails}</arg>
</arguments>
<status status="PASS" starttime="20190406 22:42:32.399" endtime="20190406 22:42:32.402"></status>
</kw>
<kw name="Get Location" library="SeleniumLibrary">
<doc>Returns the current browser URL.</doc>
<assign>
<var>${profile_url}</var>
</assign>
<msg timestamp="20190406 22:42:32.455" level="INFO">${profile_url} = https://opensource-demo.orangehrmlive.com/index.php/pim/viewPersonalDetails/empNumber/0317</msg>
<status status="PASS" starttime="20190406 22:42:32.403" endtime="20190406 22:42:32.455"></status>
</kw>
<kw name="Log To Console" library="BuiltIn">
<doc>Logs the given message to the console.</doc>
<arguments>
<arg>The profile URl is;${profile_url}</arg>
</arguments>
<status status="PASS" starttime="20190406 22:42:32.477" endtime="20190406 22:42:32.478"></status>
</kw>
<kw name="Close Browser" library="SeleniumLibrary">
<doc>Closes the current browser.</doc>
<status status="PASS" starttime="20190406 22:42:32.482" endtime="20190406 22:42:32.752"></status>
</kw>
<status status="PASS" starttime="20190406 22:42:23.555" endtime="20190406 22:42:32.753" critical="yes"></status>
</test>
<doc>Suite description</doc>
<status status="FAIL" starttime="20190406 22:41:03.050" endtime="20190406 22:42:32.757"></status>
</suite>
<status status="FAIL" starttime="20190406 22:37:16.168" endtime="20190406 22:42:32.790"></status>
</suite>
<statistics>
<total>
<stat pass="29" fail="8">Critical Tests</stat>
<stat pass="29" fail="8">All Tests</stat>
</total>
<tag>
<stat pass="2" fail="0">Smoke</stat>
</tag>
<suite>
<stat pass="29" fail="8" id="s1" name="MainPage &amp; Dirconary &amp; AdminTab &amp; MySecond">MainPage &amp; Dirconary &amp; AdminTab &amp; MySecond</stat>
<stat pass="13" fail="4" id="s1-s1" name="MainPage">MainPage &amp; Dirconary &amp; AdminTab &amp; MySecond.MainPage</stat>
<stat pass="5" fail="3" id="s1-s2" name="Dirconary">MainPage &amp; Dirconary &amp; AdminTab &amp; MySecond.Dirconary</stat>
<stat pass="5" fail="0" id="s1-s3" name="AdminTab">MainPage &amp; Dirconary &amp; AdminTab &amp; MySecond.AdminTab</stat>
<stat pass="6" fail="1" id="s1-s4" name="MySecond">MainPage &amp; Dirconary &amp; AdminTab &amp; MySecond.MySecond</stat>
</suite>
</statistics>
<errors>
<msg timestamp="20190406 22:37:16.143" level="ERROR">Error in file '/Users/reenupanwar/PycharmProjects/RobotFrameJenkins/Tests/Dirconary.robot': Invalid syntax in test case 'Find all links on the webpage': Non-existing setting 'Return'.</msg>
<msg timestamp="20190406 22:39:10.571" level="ERROR">Error in file '/Users/reenupanwar/PycharmProjects/RobotFrameJenkins/KeywordsFile/Dashboardpage.robot': Resource file '../Varibles/DashboardPagelocators.robot' does not exist.</msg>
</errors>
</robot>
