<?xml version="1.0" encoding="UTF-8"?>
<robot generator="Robot 3.1.1 (Python 3.7.2 on darwin)" generated="20190419 17:59:34.786" rpa="false">
<suite id="s1" name="Login" source="/Users/reenupanwar/PycharmProjects/RobotFrameJenkins/PitchVision/Login.robot">
<test id="s1-t1" name="Data Driven Using Templates">
<kw name="Login With Multiple Data">
<arguments>
<arg>sree.hari</arg>
<arg>oneman</arg>
</arguments>
<kw name="Open Browser" library="SeleniumLibrary">
<doc>Opens a new browser instance to the given ``url``.</doc>
<arguments>
<arg>https://www.pitchvision.com/#/login</arg>
<arg>chrome</arg>
</arguments>
<msg timestamp="20190419 17:59:34.956" level="INFO">Opening browser 'chrome' to base url 'https://www.pitchvision.com/#/login'.</msg>
<status status="PASS" starttime="20190419 17:59:34.955" endtime="20190419 17:59:46.227"></status>
</kw>
<kw name="Input Text" library="SeleniumLibrary">
<doc>Types the given ``text`` into text field identified by ``locator``.</doc>
<arguments>
<arg>xpath=//form[@name='pvLoginform']/div/input[@name='username']</arg>
<arg>${uname}</arg>
</arguments>
<msg timestamp="20190419 17:59:46.229" level="INFO">Typing text 'sree.hari' into text field 'xpath=//form[@name='pvLoginform']/div/input[@name='username']'.</msg>
<status status="PASS" starttime="20190419 17:59:46.228" endtime="20190419 17:59:46.786"></status>
</kw>
<kw name="Input Text" library="SeleniumLibrary">
<doc>Types the given ``text`` into text field identified by ``locator``.</doc>
<arguments>
<arg>xpath=//form[@name='pvLoginform']/div/input[@name='password']</arg>
<arg>${pwd}</arg>
</arguments>
<msg timestamp="20190419 17:59:46.786" level="INFO">Typing text 'oneman' into text field 'xpath=//form[@name='pvLoginform']/div/input[@name='password']'.</msg>
<status status="PASS" starttime="20190419 17:59:46.786" endtime="20190419 17:59:46.892"></status>
</kw>
<kw name="Click Element" library="SeleniumLibrary">
<doc>Click element identified by ``locator``.</doc>
<arguments>
<arg>xpath=//form[@name='pvLoginform']/div/input[@value='Log In']</arg>
</arguments>
<msg timestamp="20190419 17:59:46.892" level="INFO">Clicking element 'xpath=//form[@name='pvLoginform']/div/input[@value='Log In']'.</msg>
<status status="PASS" starttime="20190419 17:59:46.892" endtime="20190419 17:59:46.984"></status>
</kw>
<kw name="Sleep" library="BuiltIn">
<doc>Pauses the test executed for the given time.</doc>
<arguments>
<arg>10s</arg>
</arguments>
<msg timestamp="20190419 17:59:56.985" level="INFO">Slept 10 seconds</msg>
<status status="PASS" starttime="20190419 17:59:46.984" endtime="20190419 17:59:56.985"></status>
</kw>
<kw name="Close Browser" library="SeleniumLibrary">
<doc>Closes the current browser.</doc>
<status status="PASS" starttime="20190419 17:59:56.985" endtime="20190419 17:59:57.081"></status>
</kw>
<status status="PASS" starttime="20190419 17:59:34.955" endtime="20190419 17:59:57.082"></status>
</kw>
<kw name="Login With Multiple Data">
<arguments>
<arg>onemansri</arg>
<arg>Password2</arg>
</arguments>
<kw name="Open Browser" library="SeleniumLibrary">
<doc>Opens a new browser instance to the given ``url``.</doc>
<arguments>
<arg>https://www.pitchvision.com/#/login</arg>
<arg>chrome</arg>
</arguments>
<msg timestamp="20190419 17:59:57.084" level="INFO">Opening browser 'chrome' to base url 'https://www.pitchvision.com/#/login'.</msg>
<status status="PASS" starttime="20190419 17:59:57.083" endtime="20190419 18:00:07.574"></status>
</kw>
<kw name="Input Text" library="SeleniumLibrary">
<doc>Types the given ``text`` into text field identified by ``locator``.</doc>
<arguments>
<arg>xpath=//form[@name='pvLoginform']/div/input[@name='username']</arg>
<arg>${uname}</arg>
</arguments>
<msg timestamp="20190419 18:00:07.576" level="INFO">Typing text 'onemansri' into text field 'xpath=//form[@name='pvLoginform']/div/input[@name='username']'.</msg>
<status status="PASS" starttime="20190419 18:00:07.575" endtime="20190419 18:00:07.784"></status>
</kw>
<kw name="Input Text" library="SeleniumLibrary">
<doc>Types the given ``text`` into text field identified by ``locator``.</doc>
<arguments>
<arg>xpath=//form[@name='pvLoginform']/div/input[@name='password']</arg>
<arg>${pwd}</arg>
</arguments>
<msg timestamp="20190419 18:00:07.785" level="INFO">Typing text 'Password2' into text field 'xpath=//form[@name='pvLoginform']/div/input[@name='password']'.</msg>
<status status="PASS" starttime="20190419 18:00:07.784" endtime="20190419 18:00:08.019"></status>
</kw>
<kw name="Click Element" library="SeleniumLibrary">
<doc>Click element identified by ``locator``.</doc>
<arguments>
<arg>xpath=//form[@name='pvLoginform']/div/input[@value='Log In']</arg>
</arguments>
<msg timestamp="20190419 18:00:08.020" level="INFO">Clicking element 'xpath=//form[@name='pvLoginform']/div/input[@value='Log In']'.</msg>
<status status="PASS" starttime="20190419 18:00:08.020" endtime="20190419 18:00:08.154"></status>
</kw>
<kw name="Sleep" library="BuiltIn">
<doc>Pauses the test executed for the given time.</doc>
<arguments>
<arg>10s</arg>
</arguments>
<msg timestamp="20190419 18:00:18.155" level="INFO">Slept 10 seconds</msg>
<status status="PASS" starttime="20190419 18:00:08.155" endtime="20190419 18:00:18.156"></status>
</kw>
<kw name="Close Browser" library="SeleniumLibrary">
<doc>Closes the current browser.</doc>
<status status="PASS" starttime="20190419 18:00:18.156" endtime="20190419 18:00:18.247"></status>
</kw>
<status status="PASS" starttime="20190419 17:59:57.082" endtime="20190419 18:00:18.247"></status>
</kw>
<kw name="Login With Multiple Data">
<arguments>
<arg>UserName3</arg>
<arg>Password3</arg>
</arguments>
<kw name="Open Browser" library="SeleniumLibrary">
<doc>Opens a new browser instance to the given ``url``.</doc>
<arguments>
<arg>https://www.pitchvision.com/#/login</arg>
<arg>chrome</arg>
</arguments>
<msg timestamp="20190419 18:00:18.249" level="INFO">Opening browser 'chrome' to base url 'https://www.pitchvision.com/#/login'.</msg>
<status status="PASS" starttime="20190419 18:00:18.249" endtime="20190419 18:00:30.296"></status>
</kw>
<kw name="Input Text" library="SeleniumLibrary">
<doc>Types the given ``text`` into text field identified by ``locator``.</doc>
<arguments>
<arg>xpath=//form[@name='pvLoginform']/div/input[@name='username']</arg>
<arg>${uname}</arg>
</arguments>
<msg timestamp="20190419 18:00:30.298" level="INFO">Typing text 'UserName3' into text field 'xpath=//form[@name='pvLoginform']/div/input[@name='username']'.</msg>
<status status="PASS" starttime="20190419 18:00:30.297" endtime="20190419 18:00:30.589"></status>
</kw>
<kw name="Input Text" library="SeleniumLibrary">
<doc>Types the given ``text`` into text field identified by ``locator``.</doc>
<arguments>
<arg>xpath=//form[@name='pvLoginform']/div/input[@name='password']</arg>
<arg>${pwd}</arg>
</arguments>
<msg timestamp="20190419 18:00:30.590" level="INFO">Typing text 'Password3' into text field 'xpath=//form[@name='pvLoginform']/div/input[@name='password']'.</msg>
<status status="PASS" starttime="20190419 18:00:30.589" endtime="20190419 18:00:30.799"></status>
</kw>
<kw name="Click Element" library="SeleniumLibrary">
<doc>Click element identified by ``locator``.</doc>
<arguments>
<arg>xpath=//form[@name='pvLoginform']/div/input[@value='Log In']</arg>
</arguments>
<msg timestamp="20190419 18:00:30.799" level="INFO">Clicking element 'xpath=//form[@name='pvLoginform']/div/input[@value='Log In']'.</msg>
<status status="PASS" starttime="20190419 18:00:30.799" endtime="20190419 18:00:30.890"></status>
</kw>
<kw name="Sleep" library="BuiltIn">
<doc>Pauses the test executed for the given time.</doc>
<arguments>
<arg>10s</arg>
</arguments>
<msg timestamp="20190419 18:00:40.893" level="INFO">Slept 10 seconds</msg>
<status status="PASS" starttime="20190419 18:00:30.890" endtime="20190419 18:00:40.893"></status>
</kw>
<kw name="Close Browser" library="SeleniumLibrary">
<doc>Closes the current browser.</doc>
<status status="PASS" starttime="20190419 18:00:40.893" endtime="20190419 18:00:40.971"></status>
</kw>
<status status="PASS" starttime="20190419 18:00:18.248" endtime="20190419 18:00:40.972"></status>
</kw>
<kw name="Login With Multiple Data">
<arguments>
<arg>daisy.dalia</arg>
<arg>dentrain</arg>
</arguments>
<kw name="Open Browser" library="SeleniumLibrary">
<doc>Opens a new browser instance to the given ``url``.</doc>
<arguments>
<arg>https://www.pitchvision.com/#/login</arg>
<arg>chrome</arg>
</arguments>
<msg timestamp="20190419 18:00:40.974" level="INFO">Opening browser 'chrome' to base url 'https://www.pitchvision.com/#/login'.</msg>
<status status="PASS" starttime="20190419 18:00:40.973" endtime="20190419 18:00:50.713"></status>
</kw>
<kw name="Input Text" library="SeleniumLibrary">
<doc>Types the given ``text`` into text field identified by ``locator``.</doc>
<arguments>
<arg>xpath=//form[@name='pvLoginform']/div/input[@name='username']</arg>
<arg>${uname}</arg>
</arguments>
<msg timestamp="20190419 18:00:50.715" level="INFO">Typing text 'daisy.dalia' into text field 'xpath=//form[@name='pvLoginform']/div/input[@name='username']'.</msg>
<status status="PASS" starttime="20190419 18:00:50.714" endtime="20190419 18:00:51.152"></status>
</kw>
<kw name="Input Text" library="SeleniumLibrary">
<doc>Types the given ``text`` into text field identified by ``locator``.</doc>
<arguments>
<arg>xpath=//form[@name='pvLoginform']/div/input[@name='password']</arg>
<arg>${pwd}</arg>
</arguments>
<msg timestamp="20190419 18:00:51.153" level="INFO">Typing text 'dentrain' into text field 'xpath=//form[@name='pvLoginform']/div/input[@name='password']'.</msg>
<status status="PASS" starttime="20190419 18:00:51.153" endtime="20190419 18:00:51.280"></status>
</kw>
<kw name="Click Element" library="SeleniumLibrary">
<doc>Click element identified by ``locator``.</doc>
<arguments>
<arg>xpath=//form[@name='pvLoginform']/div/input[@value='Log In']</arg>
</arguments>
<msg timestamp="20190419 18:00:51.280" level="INFO">Clicking element 'xpath=//form[@name='pvLoginform']/div/input[@value='Log In']'.</msg>
<status status="PASS" starttime="20190419 18:00:51.280" endtime="20190419 18:00:51.365"></status>
</kw>
<kw name="Sleep" library="BuiltIn">
<doc>Pauses the test executed for the given time.</doc>
<arguments>
<arg>10s</arg>
</arguments>
<msg timestamp="20190419 18:01:01.366" level="INFO">Slept 10 seconds</msg>
<status status="PASS" starttime="20190419 18:00:51.365" endtime="20190419 18:01:01.367"></status>
</kw>
<kw name="Close Browser" library="SeleniumLibrary">
<doc>Closes the current browser.</doc>
<status status="PASS" starttime="20190419 18:01:01.367" endtime="20190419 18:01:01.531"></status>
</kw>
<status status="PASS" starttime="20190419 18:00:40.972" endtime="20190419 18:01:01.531"></status>
</kw>
<kw name="Close Browser" library="SeleniumLibrary" type="teardown">
<doc>Closes the current browser.</doc>
<status status="PASS" starttime="20190419 18:01:01.532" endtime="20190419 18:01:01.532"></status>
</kw>
<tags>
<tag>10A</tag>
</tags>
<status status="PASS" starttime="20190419 17:59:34.954" endtime="20190419 18:01:01.533" critical="yes"></status>
</test>
<kw name="Close Browser" library="SeleniumLibrary" type="teardown">
<doc>Closes the current browser.</doc>
<status status="PASS" starttime="20190419 18:01:01.538" endtime="20190419 18:01:01.538"></status>
</kw>
<doc>Suite description</doc>
<status status="PASS" starttime="20190419 17:59:34.788" endtime="20190419 18:01:01.538"></status>
</suite>
<statistics>
<total>
<stat pass="1" fail="0">Critical Tests</stat>
<stat pass="1" fail="0">All Tests</stat>
</total>
<tag>
<stat pass="1" fail="0">10A</stat>
</tag>
<suite>
<stat pass="1" fail="0" id="s1" name="Login">Login</stat>
</suite>
</statistics>
<errors>
</errors>
</robot>
